2018-06-13 13:51:38 [scrapy.utils.log] INFO: Scrapy 1.5.0 started (bot: ARGUS)
2018-06-13 13:51:38 [scrapy.utils.log] INFO: Versions: lxml 4.1.1.0, libxml2 2.9.7, cssselect 1.0.3, parsel 1.4.0, w3lib 1.19.0, Twisted 17.9.0, Python 3.6.4 |Anaconda, Inc.| (default, Jan 16 2018, 10:22:32) [MSC v.1900 64 bit (AMD64)], pyOpenSSL 17.5.0 (OpenSSL 1.0.2n  7 Dec 2017), cryptography 2.1.4, Platform Windows-7-6.1.7601-SP1
2018-06-13 13:51:38 [scrapy.crawler] INFO: Overridden settings: {'AJAXCRAWL_ENABLED': True, 'BOT_NAME': 'ARGUS', 'CONCURRENT_ITEMS': 200, 'CONCURRENT_REQUESTS': 100, 'COOKIES_ENABLED': False, 'DOWNLOAD_MAXSIZE': 10000000, 'FEED_URI': 'file:///I:/%21Projekte/BMBF_TOBI_131308/01_Arbeitspakete/01_Webscraper/Webscraper/crawler/ARGUS/items/ARGUS/textspider/1e95a1c06f0011e881c35459596fa410.jl', 'LOG_FILE': 'logs\\ARGUS\\textspider\\1e95a1c06f0011e881c35459596fa410.log', 'LOG_LEVEL': 'INFO', 'NEWSPIDER_MODULE': 'ARGUS.spiders', 'REACTOR_THREADPOOL_MAXSIZE': 30, 'RETRY_ENABLED': False, 'SPIDER_MODULES': ['ARGUS.spiders']}
2018-06-13 13:51:38 [py.warnings] WARNING: c:\programdata\anaconda3\lib\site-packages\scrapy\utils\deprecate.py:156: ScrapyDeprecationWarning: `scrapy.contrib.feedexport.FeedExporter` class is deprecated, use `scrapy.extensions.feedexport.FeedExporter` instead
  ScrapyDeprecationWarning)

2018-06-13 13:51:38 [scrapy.middleware] INFO: Enabled extensions:
['scrapy.extensions.corestats.CoreStats',
 'scrapy.extensions.telnet.TelnetConsole',
 'scrapy.extensions.logstats.LogStats']
2018-06-13 13:51:38 [scrapy.middleware] INFO: Enabled downloader middlewares:
['scrapy.downloadermiddlewares.httpauth.HttpAuthMiddleware',
 'scrapy.downloadermiddlewares.downloadtimeout.DownloadTimeoutMiddleware',
 'scrapy.downloadermiddlewares.defaultheaders.DefaultHeadersMiddleware',
 'scrapy_fake_useragent.middleware.RandomUserAgentMiddleware',
 'scrapy.downloadermiddlewares.ajaxcrawl.AjaxCrawlMiddleware',
 'scrapy.downloadermiddlewares.redirect.MetaRefreshMiddleware',
 'scrapy.downloadermiddlewares.httpcompression.HttpCompressionMiddleware',
 'scrapy.downloadermiddlewares.redirect.RedirectMiddleware',
 'scrapy.downloadermiddlewares.httpproxy.HttpProxyMiddleware',
 'scrapy.downloadermiddlewares.stats.DownloaderStats']
2018-06-13 13:51:38 [scrapy.middleware] INFO: Enabled spider middlewares:
['scrapy.spidermiddlewares.httperror.HttpErrorMiddleware',
 'scrapy.spidermiddlewares.offsite.OffsiteMiddleware',
 'scrapy.spidermiddlewares.referer.RefererMiddleware',
 'scrapy.spidermiddlewares.urllength.UrlLengthMiddleware',
 'scrapy.spidermiddlewares.depth.DepthMiddleware']
2018-06-13 13:51:38 [scrapy.middleware] INFO: Enabled item pipelines:
['ARGUS.pipelines.TextPipeline']
2018-06-13 13:51:38 [scrapy.core.engine] INFO: Spider opened
2018-06-13 13:51:38 [scrapy.extensions.logstats] INFO: Crawled 0 pages (at 0 pages/min), scraped 0 items (at 0 items/min)
2018-06-13 13:52:38 [scrapy.extensions.logstats] INFO: Crawled 447 pages (at 447 pages/min), scraped 23 items (at 23 items/min)
2018-06-13 13:52:55 [scrapy.core.engine] INFO: Closing spider (finished)
2018-06-13 13:52:55 [scrapy.statscollectors] INFO: Dumping Scrapy stats:
{'downloader/exception_count': 1,
 'downloader/exception_type_count/twisted.internet.error.TCPTimedOutError': 1,
 'downloader/request_bytes': 169588,
 'downloader/request_count': 483,
 'downloader/request_method_count/GET': 483,
 'downloader/response_bytes': 8246987,
 'downloader/response_count': 482,
 'downloader/response_status_count/200': 414,
 'downloader/response_status_count/301': 51,
 'downloader/response_status_count/302': 8,
 'downloader/response_status_count/303': 3,
 'downloader/response_status_count/403': 1,
 'downloader/response_status_count/404': 5,
 'finish_reason': 'finished',
 'finish_time': datetime.datetime(2018, 6, 13, 11, 52, 55, 989601),
 'item_scraped_count': 24,
 'log_count/INFO': 8,
 'log_count/WARNING': 1,
 'request_depth_max': 28,
 'response_received_count': 453,
 'scheduler/dequeued': 483,
 'scheduler/dequeued/memory': 483,
 'scheduler/enqueued': 483,
 'scheduler/enqueued/memory': 483,
 'start_time': datetime.datetime(2018, 6, 13, 11, 51, 38, 308601)}
2018-06-13 13:52:55 [scrapy.core.engine] INFO: Spider closed (finished)
