2019-03-29 10:23:26 [scrapy.utils.log] INFO: Scrapy 1.4.0 started (bot: ARGUS)
2019-03-29 10:23:26 [scrapy.utils.log] INFO: Overridden settings: {'AJAXCRAWL_ENABLED': True, 'BOT_NAME': 'ARGUS', 'COMPRESSION_ENABLED': False, 'CONCURRENT_ITEMS': 200, 'CONCURRENT_REQUESTS': 100, 'COOKIES_ENABLED': False, 'DOWNLOAD_MAXSIZE': 10000000, 'DOWNLOAD_TIMEOUT': 20, 'FEED_URI': 'file:///I:/%21Projekte/BMBF_TOBI_131308/01_Arbeitspakete/01_Webscraper/Webscraper/crawler/ARGUS_development/ARGUS/items/ARGUS/textspider/4bafbe4c520411e9880c005056806059.jl', 'LOG_FILE': 'logs\\ARGUS\\textspider\\4bafbe4c520411e9880c005056806059.log', 'LOG_LEVEL': 'INFO', 'NEWSPIDER_MODULE': 'ARGUS.spiders', 'REACTOR_THREADPOOL_MAXSIZE': 30, 'RETRY_ENABLED': False, 'SPIDER_MODULES': ['ARGUS.spiders']}
2019-03-29 10:23:26 [py.warnings] WARNING: c:\users\jki\appdata\local\continuum\anaconda3\lib\site-packages\scrapy\utils\deprecate.py:156: ScrapyDeprecationWarning: `scrapy.contrib.feedexport.FeedExporter` class is deprecated, use `scrapy.extensions.feedexport.FeedExporter` instead
  ScrapyDeprecationWarning)

2019-03-29 10:23:26 [scrapy.middleware] INFO: Enabled extensions:
['scrapy.extensions.corestats.CoreStats',
 'scrapy.extensions.telnet.TelnetConsole',
 'scrapy.extensions.logstats.LogStats']
2019-03-29 10:23:26 [scrapy.middleware] INFO: Enabled downloader middlewares:
['scrapy.downloadermiddlewares.httpauth.HttpAuthMiddleware',
 'scrapy.downloadermiddlewares.downloadtimeout.DownloadTimeoutMiddleware',
 'scrapy.downloadermiddlewares.defaultheaders.DefaultHeadersMiddleware',
 'scrapy_fake_useragent.middleware.RandomUserAgentMiddleware',
 'scrapy.downloadermiddlewares.ajaxcrawl.AjaxCrawlMiddleware',
 'scrapy.downloadermiddlewares.redirect.MetaRefreshMiddleware',
 'scrapy.downloadermiddlewares.redirect.RedirectMiddleware',
 'scrapy.downloadermiddlewares.httpproxy.HttpProxyMiddleware',
 'scrapy.downloadermiddlewares.stats.DownloaderStats']
2019-03-29 10:23:26 [scrapy.middleware] INFO: Enabled spider middlewares:
['scrapy.spidermiddlewares.httperror.HttpErrorMiddleware',
 'scrapy.spidermiddlewares.offsite.OffsiteMiddleware',
 'scrapy.spidermiddlewares.referer.RefererMiddleware',
 'scrapy.spidermiddlewares.urllength.UrlLengthMiddleware',
 'scrapy.spidermiddlewares.depth.DepthMiddleware']
2019-03-29 10:23:27 [scrapy.middleware] INFO: Enabled item pipelines:
['ARGUS.pipelines.TextPipeline']
2019-03-29 10:23:27 [scrapy.core.engine] INFO: Spider opened
2019-03-29 10:23:27 [scrapy.extensions.logstats] INFO: Crawled 0 pages (at 0 pages/min), scraped 0 items (at 0 items/min)
2019-03-29 10:23:31 [py.warnings] WARNING: c:\users\jki\appdata\local\continuum\anaconda3\lib\site-packages\scrapy\spidermiddlewares\referer.py:284: RuntimeWarning: Could not load referrer policy 'no-referrer-when-downgrade, strict-origin-when-cross-origin'
  warnings.warn(msg, RuntimeWarning)

2019-03-29 10:23:47 [scrapy.core.scraper] ERROR: Spider error processing <GET http://dhi-wasy.de> (referer: None)
Traceback (most recent call last):
  File "c:\users\jki\appdata\local\continuum\anaconda3\lib\site-packages\scrapy\utils\defer.py", line 102, in iter_errback
    yield next(it)
  File "I:\!Projekte\BMBF_TOBI_131308\01_Arbeitspakete\01_Webscraper\Webscraper\crawler\ARGUS_development\ARGUS\ARGUS\spiders\textspider.py", line 183, in errorback
    loader.add_value("header", "")
  File "c:\users\jki\appdata\local\continuum\anaconda3\lib\site-packages\scrapy\loader\__init__.py", line 77, in add_value
    self._add_value(field_name, value)
  File "c:\users\jki\appdata\local\continuum\anaconda3\lib\site-packages\scrapy\loader\__init__.py", line 91, in _add_value
    processed_value = self._process_input_value(field_name, value)
  File "c:\users\jki\appdata\local\continuum\anaconda3\lib\site-packages\scrapy\loader\__init__.py", line 148, in _process_input_value
    proc = self.get_input_processor(field_name)
  File "c:\users\jki\appdata\local\continuum\anaconda3\lib\site-packages\scrapy\loader\__init__.py", line 137, in get_input_processor
    self.default_input_processor)
  File "c:\users\jki\appdata\local\continuum\anaconda3\lib\site-packages\scrapy\loader\__init__.py", line 154, in _get_item_field_attr
    value = self.item.fields[field_name].get(key, default)
KeyError: 'header'
2019-03-29 10:23:56 [scrapy.core.engine] INFO: Closing spider (finished)
2019-03-29 10:23:56 [scrapy.statscollectors] INFO: Dumping Scrapy stats:
{'downloader/exception_count': 1,
 'downloader/exception_type_count/twisted.internet.error.TimeoutError': 1,
 'downloader/request_bytes': 108196,
 'downloader/request_count': 356,
 'downloader/request_method_count/GET': 356,
 'downloader/response_bytes': 14294819,
 'downloader/response_count': 355,
 'downloader/response_status_count/200': 242,
 'downloader/response_status_count/301': 84,
 'downloader/response_status_count/302': 4,
 'downloader/response_status_count/303': 8,
 'downloader/response_status_count/404': 17,
 'finish_reason': 'finished',
 'finish_time': datetime.datetime(2019, 3, 29, 9, 23, 56, 208105),
 'item_scraped_count': 26,
 'log_count/ERROR': 1,
 'log_count/INFO': 7,
 'log_count/WARNING': 2,
 'request_depth_max': 25,
 'response_received_count': 312,
 'scheduler/dequeued': 356,
 'scheduler/dequeued/memory': 356,
 'scheduler/enqueued': 356,
 'scheduler/enqueued/memory': 356,
 'spider_exceptions/KeyError': 1,
 'start_time': datetime.datetime(2019, 3, 29, 9, 23, 27, 115196)}
2019-03-29 10:23:56 [scrapy.core.engine] INFO: Spider closed (finished)
