2019-03-29 13:08:08 [scrapy.utils.log] INFO: Scrapy 1.4.0 started (bot: ARGUS)
2019-03-29 13:08:08 [scrapy.utils.log] INFO: Overridden settings: {'AJAXCRAWL_ENABLED': True, 'BOT_NAME': 'ARGUS', 'COMPRESSION_ENABLED': False, 'CONCURRENT_ITEMS': 200, 'CONCURRENT_REQUESTS': 100, 'COOKIES_ENABLED': False, 'DOWNLOAD_MAXSIZE': 10000000, 'DOWNLOAD_TIMEOUT': 20, 'FEED_URI': 'file:///I:/%21Projekte/BMBF_TOBI_131308/01_Arbeitspakete/01_Webscraper/Webscraper/crawler/ARGUS_development/ARGUS/items/ARGUS/textspider/4d599386521b11e98b93005056806059.jl', 'LOG_FILE': 'logs\\ARGUS\\textspider\\4d599386521b11e98b93005056806059.log', 'LOG_LEVEL': 'INFO', 'NEWSPIDER_MODULE': 'ARGUS.spiders', 'REACTOR_THREADPOOL_MAXSIZE': 30, 'RETRY_ENABLED': False, 'SPIDER_MODULES': ['ARGUS.spiders']}
2019-03-29 13:08:08 [py.warnings] WARNING: c:\users\jki\appdata\local\continuum\anaconda3\lib\site-packages\scrapy\utils\deprecate.py:156: ScrapyDeprecationWarning: `scrapy.contrib.feedexport.FeedExporter` class is deprecated, use `scrapy.extensions.feedexport.FeedExporter` instead
  ScrapyDeprecationWarning)

2019-03-29 13:08:08 [scrapy.middleware] INFO: Enabled extensions:
['scrapy.extensions.corestats.CoreStats',
 'scrapy.extensions.telnet.TelnetConsole',
 'scrapy.extensions.logstats.LogStats']
2019-03-29 13:08:08 [scrapy.middleware] INFO: Enabled downloader middlewares:
['scrapy.downloadermiddlewares.httpauth.HttpAuthMiddleware',
 'scrapy.downloadermiddlewares.downloadtimeout.DownloadTimeoutMiddleware',
 'scrapy.downloadermiddlewares.defaultheaders.DefaultHeadersMiddleware',
 'scrapy_fake_useragent.middleware.RandomUserAgentMiddleware',
 'scrapy.downloadermiddlewares.ajaxcrawl.AjaxCrawlMiddleware',
 'scrapy.downloadermiddlewares.redirect.MetaRefreshMiddleware',
 'scrapy.downloadermiddlewares.redirect.RedirectMiddleware',
 'scrapy.downloadermiddlewares.httpproxy.HttpProxyMiddleware',
 'scrapy.downloadermiddlewares.stats.DownloaderStats']
2019-03-29 13:08:08 [scrapy.middleware] INFO: Enabled spider middlewares:
['scrapy.spidermiddlewares.httperror.HttpErrorMiddleware',
 'scrapy.spidermiddlewares.offsite.OffsiteMiddleware',
 'scrapy.spidermiddlewares.referer.RefererMiddleware',
 'scrapy.spidermiddlewares.urllength.UrlLengthMiddleware',
 'scrapy.spidermiddlewares.depth.DepthMiddleware']
2019-03-29 13:08:08 [scrapy.middleware] INFO: Enabled item pipelines:
['ARGUS.pipelines.TextPipeline']
2019-03-29 13:08:08 [scrapy.core.engine] INFO: Spider opened
2019-03-29 13:08:08 [scrapy.extensions.logstats] INFO: Crawled 0 pages (at 0 pages/min), scraped 0 items (at 0 items/min)
2019-03-29 13:08:09 [py.warnings] WARNING: c:\users\jki\appdata\local\continuum\anaconda3\lib\site-packages\scrapy\spidermiddlewares\referer.py:284: RuntimeWarning: Could not load referrer policy 'no-referrer-when-downgrade, strict-origin-when-cross-origin'
  warnings.warn(msg, RuntimeWarning)

2019-03-29 13:08:49 [scrapy.core.engine] INFO: Closing spider (finished)
2019-03-29 13:08:49 [scrapy.statscollectors] INFO: Dumping Scrapy stats:
{'downloader/exception_count': 1,
 'downloader/exception_type_count/twisted.internet.error.TimeoutError': 1,
 'downloader/request_bytes': 108345,
 'downloader/request_count': 358,
 'downloader/request_method_count/GET': 358,
 'downloader/response_bytes': 14277718,
 'downloader/response_count': 357,
 'downloader/response_status_count/200': 242,
 'downloader/response_status_count/301': 86,
 'downloader/response_status_count/302': 4,
 'downloader/response_status_count/303': 8,
 'downloader/response_status_count/404': 17,
 'finish_reason': 'finished',
 'finish_time': datetime.datetime(2019, 3, 29, 12, 8, 49, 359818),
 'item_scraped_count': 27,
 'log_count/INFO': 7,
 'log_count/WARNING': 2,
 'request_depth_max': 25,
 'response_received_count': 314,
 'scheduler/dequeued': 358,
 'scheduler/dequeued/memory': 358,
 'scheduler/enqueued': 358,
 'scheduler/enqueued/memory': 358,
 'start_time': datetime.datetime(2019, 3, 29, 12, 8, 8, 670749)}
2019-03-29 13:08:49 [scrapy.core.engine] INFO: Spider closed (finished)
