2018-05-23 11:26:40 [scrapy.utils.log] INFO: Scrapy 1.5.0 started (bot: ARGUS)
2018-05-23 11:26:40 [scrapy.utils.log] INFO: Versions: lxml 4.1.1.0, libxml2 2.9.7, cssselect 1.0.3, parsel 1.4.0, w3lib 1.19.0, Twisted 17.9.0, Python 3.6.4 |Anaconda, Inc.| (default, Jan 16 2018, 10:22:32) [MSC v.1900 64 bit (AMD64)], pyOpenSSL 17.5.0 (OpenSSL 1.0.2n  7 Dec 2017), cryptography 2.1.4, Platform Windows-7-6.1.7601-SP1
2018-05-23 11:26:40 [scrapy.crawler] INFO: Overridden settings: {'AJAXCRAWL_ENABLED': True, 'BOT_NAME': 'ARGUS', 'CONCURRENT_ITEMS': 200, 'CONCURRENT_REQUESTS': 100, 'COOKIES_ENABLED': False, 'DOWNLOAD_MAXSIZE': 10000000, 'FEED_URI': 'file:///I:/%21Projekte/BMBF_TOBI_131308/01_Arbeitspakete/01_Webscraper/Webscraper/crawler/ARGUS/items/ARGUS/textspider/6371edc85e6b11e890ba5459596fa410.jl', 'LOG_FILE': 'logs\\ARGUS\\textspider\\6371edc85e6b11e890ba5459596fa410.log', 'LOG_LEVEL': 'INFO', 'NEWSPIDER_MODULE': 'ARGUS.spiders', 'REACTOR_THREADPOOL_MAXSIZE': 30, 'RETRY_ENABLED': False, 'SPIDER_MODULES': ['ARGUS.spiders']}
2018-05-23 11:26:40 [py.warnings] WARNING: c:\programdata\anaconda3\lib\site-packages\scrapy\utils\deprecate.py:156: ScrapyDeprecationWarning: `scrapy.contrib.feedexport.FeedExporter` class is deprecated, use `scrapy.extensions.feedexport.FeedExporter` instead
  ScrapyDeprecationWarning)

2018-05-23 11:26:40 [scrapy.middleware] INFO: Enabled extensions:
['scrapy.extensions.corestats.CoreStats',
 'scrapy.extensions.telnet.TelnetConsole',
 'scrapy.extensions.logstats.LogStats']
2018-05-23 11:26:40 [scrapy.middleware] INFO: Enabled downloader middlewares:
['scrapy.downloadermiddlewares.httpauth.HttpAuthMiddleware',
 'scrapy.downloadermiddlewares.downloadtimeout.DownloadTimeoutMiddleware',
 'scrapy.downloadermiddlewares.defaultheaders.DefaultHeadersMiddleware',
 'scrapy_fake_useragent.middleware.RandomUserAgentMiddleware',
 'scrapy.downloadermiddlewares.ajaxcrawl.AjaxCrawlMiddleware',
 'scrapy.downloadermiddlewares.redirect.MetaRefreshMiddleware',
 'scrapy.downloadermiddlewares.httpcompression.HttpCompressionMiddleware',
 'scrapy.downloadermiddlewares.redirect.RedirectMiddleware',
 'scrapy.downloadermiddlewares.httpproxy.HttpProxyMiddleware',
 'scrapy.downloadermiddlewares.stats.DownloaderStats']
2018-05-23 11:26:40 [scrapy.middleware] INFO: Enabled spider middlewares:
['scrapy.spidermiddlewares.httperror.HttpErrorMiddleware',
 'scrapy.spidermiddlewares.offsite.OffsiteMiddleware',
 'scrapy.spidermiddlewares.referer.RefererMiddleware',
 'scrapy.spidermiddlewares.urllength.UrlLengthMiddleware',
 'scrapy.spidermiddlewares.depth.DepthMiddleware']
2018-05-23 11:26:40 [scrapy.middleware] INFO: Enabled item pipelines:
['ARGUS.pipelines.TextPipeline']
2018-05-23 11:26:40 [scrapy.core.engine] INFO: Spider opened
2018-05-23 11:26:40 [scrapy.extensions.logstats] INFO: Crawled 0 pages (at 0 pages/min), scraped 0 items (at 0 items/min)
2018-05-23 11:27:08 [scrapy.core.engine] INFO: Closing spider (finished)
2018-05-23 11:27:08 [scrapy.statscollectors] INFO: Dumping Scrapy stats:
{'downloader/exception_count': 3,
 'downloader/exception_type_count/builtins.ValueError': 1,
 'downloader/exception_type_count/idna.core.IDNAError': 1,
 'downloader/exception_type_count/twisted.internet.error.DNSLookupError': 1,
 'downloader/request_bytes': 163906,
 'downloader/request_count': 456,
 'downloader/request_method_count/GET': 456,
 'downloader/response_bytes': 4297065,
 'downloader/response_count': 453,
 'downloader/response_status_count/200': 365,
 'downloader/response_status_count/301': 58,
 'downloader/response_status_count/302': 15,
 'downloader/response_status_count/303': 1,
 'downloader/response_status_count/307': 2,
 'downloader/response_status_count/404': 3,
 'downloader/response_status_count/503': 9,
 'finish_reason': 'finished',
 'finish_time': datetime.datetime(2018, 5, 23, 9, 27, 8, 311150),
 'item_scraped_count': 25,
 'log_count/INFO': 7,
 'log_count/WARNING': 1,
 'request_depth_max': 33,
 'response_received_count': 432,
 'scheduler/dequeued': 456,
 'scheduler/dequeued/memory': 456,
 'scheduler/enqueued': 456,
 'scheduler/enqueued/memory': 456,
 'start_time': datetime.datetime(2018, 5, 23, 9, 26, 40, 499256)}
2018-05-23 11:27:08 [scrapy.core.engine] INFO: Spider closed (finished)
