2019-04-02 15:44:24 [scrapy.utils.log] INFO: Scrapy 1.5.1 started (bot: ARGUS)
2019-04-02 15:44:24 [scrapy.utils.log] INFO: Versions: lxml 4.2.5.0, libxml2 2.9.8, cssselect 1.0.3, parsel 1.5.0, w3lib 1.19.0, Twisted 18.7.0, Python 3.6.6 |Anaconda custom (64-bit)| (default, Jun 28 2018, 11:27:44) [MSC v.1900 64 bit (AMD64)], pyOpenSSL 18.0.0 (OpenSSL 1.0.2p  14 Aug 2018), cryptography 2.3.1, Platform Windows-10-10.0.17134-SP0
2019-04-02 15:44:24 [scrapy.crawler] INFO: Overridden settings: {'AJAXCRAWL_ENABLED': True, 'BOT_NAME': 'ARGUS', 'COMPRESSION_ENABLED': False, 'CONCURRENT_ITEMS': 200, 'CONCURRENT_REQUESTS': 100, 'COOKIES_ENABLED': False, 'DOWNLOAD_MAXSIZE': 10000000, 'DOWNLOAD_TIMEOUT': 20, 'FEED_URI': 'file:///I:/%21Projekte/BMBF_TOBI_131308/01_Arbeitspakete/01_Webscraper/Webscraper/crawler/ARGUS_development/ARGUS/items/ARGUS/textspider/6b4d47e6554d11e9961c2016b928d006.jl', 'LOG_FILE': 'logs\\ARGUS\\textspider\\6b4d47e6554d11e9961c2016b928d006.log', 'LOG_LEVEL': 'INFO', 'NEWSPIDER_MODULE': 'ARGUS.spiders', 'REACTOR_THREADPOOL_MAXSIZE': 30, 'RETRY_ENABLED': False, 'SPIDER_MODULES': ['ARGUS.spiders']}
2019-04-02 15:44:24 [py.warnings] WARNING: c:\anaconda\lib\site-packages\scrapy\utils\deprecate.py:156: ScrapyDeprecationWarning: `scrapy.contrib.feedexport.FeedExporter` class is deprecated, use `scrapy.extensions.feedexport.FeedExporter` instead
  ScrapyDeprecationWarning)

2019-04-02 15:44:24 [scrapy.middleware] INFO: Enabled extensions:
['scrapy.extensions.corestats.CoreStats',
 'scrapy.extensions.telnet.TelnetConsole',
 'scrapy.extensions.logstats.LogStats']
2019-04-02 15:44:24 [scrapy.middleware] INFO: Enabled downloader middlewares:
['scrapy.downloadermiddlewares.httpauth.HttpAuthMiddleware',
 'scrapy.downloadermiddlewares.downloadtimeout.DownloadTimeoutMiddleware',
 'scrapy.downloadermiddlewares.defaultheaders.DefaultHeadersMiddleware',
 'scrapy_fake_useragent.middleware.RandomUserAgentMiddleware',
 'scrapy.downloadermiddlewares.ajaxcrawl.AjaxCrawlMiddleware',
 'scrapy.downloadermiddlewares.redirect.MetaRefreshMiddleware',
 'scrapy.downloadermiddlewares.redirect.RedirectMiddleware',
 'scrapy.downloadermiddlewares.httpproxy.HttpProxyMiddleware',
 'scrapy.downloadermiddlewares.stats.DownloaderStats']
2019-04-02 15:44:24 [scrapy.middleware] INFO: Enabled spider middlewares:
['scrapy.spidermiddlewares.httperror.HttpErrorMiddleware',
 'scrapy.spidermiddlewares.offsite.OffsiteMiddleware',
 'scrapy.spidermiddlewares.referer.RefererMiddleware',
 'scrapy.spidermiddlewares.urllength.UrlLengthMiddleware',
 'scrapy.spidermiddlewares.depth.DepthMiddleware']
2019-04-02 15:44:25 [scrapy.middleware] INFO: Enabled item pipelines:
['ARGUS.pipelines.TextPipeline']
2019-04-02 15:44:25 [scrapy.core.engine] INFO: Spider opened
2019-04-02 15:44:25 [scrapy.extensions.logstats] INFO: Crawled 0 pages (at 0 pages/min), scraped 0 items (at 0 items/min)
2019-04-02 15:44:30 [scrapy.core.engine] INFO: Closing spider (finished)
2019-04-02 15:44:30 [scrapy.statscollectors] INFO: Dumping Scrapy stats:
{'downloader/request_bytes': 6844,
 'downloader/request_count': 24,
 'downloader/request_method_count/GET': 24,
 'downloader/response_bytes': 994459,
 'downloader/response_count': 24,
 'downloader/response_status_count/200': 15,
 'downloader/response_status_count/301': 7,
 'downloader/response_status_count/302': 1,
 'downloader/response_status_count/403': 1,
 'finish_reason': 'finished',
 'finish_time': datetime.datetime(2019, 4, 2, 13, 44, 30, 608704),
 'item_scraped_count': 3,
 'log_count/INFO': 7,
 'log_count/WARNING': 1,
 'request_depth_max': 7,
 'response_received_count': 18,
 'scheduler/dequeued': 24,
 'scheduler/dequeued/memory': 24,
 'scheduler/enqueued': 24,
 'scheduler/enqueued/memory': 24,
 'start_time': datetime.datetime(2019, 4, 2, 13, 44, 25, 79071)}
2019-04-02 15:44:30 [scrapy.core.engine] INFO: Spider closed (finished)
