2018-05-15 13:17:15 [scrapy.utils.log] INFO: Scrapy 1.4.0 started (bot: prototyp)
2018-05-15 13:17:15 [scrapy.utils.log] INFO: Overridden settings: {'BOT_NAME': 'prototyp', 'CONCURRENT_ITEMS': 200, 'CONCURRENT_REQUESTS': 100, 'COOKIES_ENABLED': False, 'DOWNLOAD_MAXSIZE': 10000000, 'FEED_URI': 'file:///I:/%21Projekte/BMBF_TOBI_131308/01_Arbeitspakete/01_Webscraper/Webscraper/crawler/neu/items/prototyp/protospider/834c48e8583111e8babe005056806059.jl', 'LOG_FILE': 'logs\\prototyp\\protospider\\834c48e8583111e8babe005056806059.log', 'LOG_LEVEL': 'INFO', 'NEWSPIDER_MODULE': 'prototyp.spiders', 'REACTOR_THREADPOOL_MAXSIZE': 30, 'RETRY_ENABLED': False, 'SPIDER_MODULES': ['prototyp.spiders']}
2018-05-15 13:17:15 [py.warnings] WARNING: c:\users\jki\appdata\local\continuum\anaconda3\lib\site-packages\scrapy\utils\deprecate.py:156: ScrapyDeprecationWarning: `scrapy.contrib.feedexport.FeedExporter` class is deprecated, use `scrapy.extensions.feedexport.FeedExporter` instead
  ScrapyDeprecationWarning)

2018-05-15 13:17:16 [scrapy.middleware] INFO: Enabled extensions:
['scrapy.extensions.corestats.CoreStats',
 'scrapy.extensions.telnet.TelnetConsole',
 'scrapy.extensions.logstats.LogStats']
2018-05-15 13:17:16 [scrapy.middleware] INFO: Enabled downloader middlewares:
['scrapy.downloadermiddlewares.httpauth.HttpAuthMiddleware',
 'scrapy.downloadermiddlewares.downloadtimeout.DownloadTimeoutMiddleware',
 'scrapy.downloadermiddlewares.defaultheaders.DefaultHeadersMiddleware',
 'scrapy_fake_useragent.middleware.RandomUserAgentMiddleware',
 'scrapy.downloadermiddlewares.ajaxcrawl.AjaxCrawlMiddleware',
 'scrapy.downloadermiddlewares.redirect.MetaRefreshMiddleware',
 'scrapy.downloadermiddlewares.httpcompression.HttpCompressionMiddleware',
 'scrapy.downloadermiddlewares.redirect.RedirectMiddleware',
 'scrapy.downloadermiddlewares.httpproxy.HttpProxyMiddleware',
 'scrapy.downloadermiddlewares.stats.DownloaderStats']
2018-05-15 13:17:16 [scrapy.middleware] INFO: Enabled spider middlewares:
['scrapy.spidermiddlewares.httperror.HttpErrorMiddleware',
 'scrapy.spidermiddlewares.offsite.OffsiteMiddleware',
 'scrapy.spidermiddlewares.referer.RefererMiddleware',
 'scrapy.spidermiddlewares.urllength.UrlLengthMiddleware',
 'scrapy.spidermiddlewares.depth.DepthMiddleware']
2018-05-15 13:17:16 [scrapy.middleware] INFO: Enabled item pipelines:
['prototyp.pipelines.PrototypPipeline']
2018-05-15 13:17:16 [scrapy.core.engine] INFO: Spider opened
2018-05-15 13:17:16 [scrapy.extensions.logstats] INFO: Crawled 0 pages (at 0 pages/min), scraped 0 items (at 0 items/min)
2018-05-15 13:18:17 [scrapy.extensions.logstats] INFO: Crawled 1809 pages (at 1809 pages/min), scraped 140 items (at 140 items/min)
2018-05-15 13:19:16 [scrapy.extensions.logstats] INFO: Crawled 3417 pages (at 1608 pages/min), scraped 294 items (at 154 items/min)
2018-05-15 13:20:17 [scrapy.extensions.logstats] INFO: Crawled 4584 pages (at 1167 pages/min), scraped 438 items (at 144 items/min)
2018-05-15 13:21:17 [scrapy.extensions.logstats] INFO: Crawled 6137 pages (at 1553 pages/min), scraped 532 items (at 94 items/min)
2018-05-15 13:22:16 [scrapy.extensions.logstats] INFO: Crawled 7663 pages (at 1526 pages/min), scraped 705 items (at 173 items/min)
2018-05-15 13:23:16 [scrapy.extensions.logstats] INFO: Crawled 9052 pages (at 1389 pages/min), scraped 869 items (at 164 items/min)
2018-05-15 13:23:25 [py.warnings] WARNING: c:\users\jki\appdata\local\continuum\anaconda3\lib\site-packages\scrapy\spidermiddlewares\referer.py:284: RuntimeWarning: Could not load referrer policy 'no-referrer-when-downgrade, strict-origin-when-cross-origin'
  warnings.warn(msg, RuntimeWarning)

2018-05-15 13:23:46 [scrapy.core.downloader.tls] WARNING: Remote certificate is not valid for hostname "trainmyself.com"; VerificationError(errors=[DNSMismatch(mismatched_id=DNS_ID(hostname=b'trainmyself.com'))])
2018-05-15 13:23:53 [scrapy.core.downloader.tls] WARNING: Remote certificate is not valid for hostname "trainmyself.com"; VerificationError(errors=[DNSMismatch(mismatched_id=DNS_ID(hostname=b'trainmyself.com'))])
2018-05-15 13:24:17 [scrapy.extensions.logstats] INFO: Crawled 10571 pages (at 1519 pages/min), scraped 980 items (at 111 items/min)
2018-05-15 13:25:16 [scrapy.extensions.logstats] INFO: Crawled 12186 pages (at 1615 pages/min), scraped 1146 items (at 166 items/min)
2018-05-15 13:26:16 [scrapy.extensions.logstats] INFO: Crawled 13888 pages (at 1702 pages/min), scraped 1307 items (at 161 items/min)
2018-05-15 13:26:16 [scrapy.core.downloader.tls] WARNING: Remote certificate is not valid for hostname "putzteufelchencompany.de"; VerificationError(errors=[DNSMismatch(mismatched_id=DNS_ID(hostname=b'putzteufelchencompany.de'))])
2018-05-15 13:27:16 [scrapy.extensions.logstats] INFO: Crawled 15116 pages (at 1228 pages/min), scraped 1416 items (at 109 items/min)
2018-05-15 13:28:16 [scrapy.extensions.logstats] INFO: Crawled 15264 pages (at 148 pages/min), scraped 1422 items (at 6 items/min)
2018-05-15 13:29:16 [scrapy.extensions.logstats] INFO: Crawled 15284 pages (at 20 pages/min), scraped 1422 items (at 0 items/min)
2018-05-15 13:29:27 [scrapy.core.engine] INFO: Closing spider (finished)
2018-05-15 13:29:27 [scrapy.statscollectors] INFO: Dumping Scrapy stats:
{'downloader/exception_count': 385,
 'downloader/exception_type_count/builtins.ValueError': 7,
 'downloader/exception_type_count/scrapy.exceptions.NotSupported': 1,
 'downloader/exception_type_count/twisted.internet.error.ConnectionRefusedError': 1,
 'downloader/exception_type_count/twisted.internet.error.DNSLookupError': 360,
 'downloader/exception_type_count/twisted.internet.error.TCPTimedOutError': 13,
 'downloader/exception_type_count/twisted.internet.error.TimeoutError': 2,
 'downloader/exception_type_count/twisted.web._newclient.ResponseNeverReceived': 1,
 'downloader/request_bytes': 6127176,
 'downloader/request_count': 16927,
 'downloader/request_method_count/GET': 16927,
 'downloader/response_bytes': 400959233,
 'downloader/response_count': 16542,
 'downloader/response_status_count/200': 14357,
 'downloader/response_status_count/300': 11,
 'downloader/response_status_count/301': 1040,
 'downloader/response_status_count/302': 577,
 'downloader/response_status_count/303': 17,
 'downloader/response_status_count/307': 31,
 'downloader/response_status_count/400': 90,
 'downloader/response_status_count/401': 26,
 'downloader/response_status_count/403': 36,
 'downloader/response_status_count/404': 338,
 'downloader/response_status_count/410': 2,
 'downloader/response_status_count/500': 7,
 'downloader/response_status_count/501': 2,
 'downloader/response_status_count/503': 4,
 'downloader/response_status_count/522': 4,
 'finish_reason': 'finished',
 'finish_time': datetime.datetime(2018, 5, 15, 11, 29, 27, 362364),
 'item_scraped_count': 1423,
 'log_count/INFO': 19,
 'log_count/WARNING': 5,
 'request_depth_max': 317,
 'response_received_count': 15300,
 'scheduler/dequeued': 16927,
 'scheduler/dequeued/memory': 16927,
 'scheduler/enqueued': 16927,
 'scheduler/enqueued/memory': 16927,
 'start_time': datetime.datetime(2018, 5, 15, 11, 17, 16, 177136)}
2018-05-15 13:29:27 [scrapy.core.engine] INFO: Spider closed (finished)
