2018-05-15 13:17:16 [scrapy.utils.log] INFO: Scrapy 1.4.0 started (bot: prototyp)
2018-05-15 13:17:16 [scrapy.utils.log] INFO: Overridden settings: {'BOT_NAME': 'prototyp', 'CONCURRENT_ITEMS': 200, 'CONCURRENT_REQUESTS': 100, 'COOKIES_ENABLED': False, 'DOWNLOAD_MAXSIZE': 10000000, 'FEED_URI': 'file:///I:/%21Projekte/BMBF_TOBI_131308/01_Arbeitspakete/01_Webscraper/Webscraper/crawler/neu/items/prototyp/protospider/835fd168583111e8a75a005056806059.jl', 'LOG_FILE': 'logs\\prototyp\\protospider\\835fd168583111e8a75a005056806059.log', 'LOG_LEVEL': 'INFO', 'NEWSPIDER_MODULE': 'prototyp.spiders', 'REACTOR_THREADPOOL_MAXSIZE': 30, 'RETRY_ENABLED': False, 'SPIDER_MODULES': ['prototyp.spiders']}
2018-05-15 13:17:16 [py.warnings] WARNING: c:\users\jki\appdata\local\continuum\anaconda3\lib\site-packages\scrapy\utils\deprecate.py:156: ScrapyDeprecationWarning: `scrapy.contrib.feedexport.FeedExporter` class is deprecated, use `scrapy.extensions.feedexport.FeedExporter` instead
  ScrapyDeprecationWarning)

2018-05-15 13:17:16 [scrapy.middleware] INFO: Enabled extensions:
['scrapy.extensions.corestats.CoreStats',
 'scrapy.extensions.telnet.TelnetConsole',
 'scrapy.extensions.logstats.LogStats']
2018-05-15 13:17:16 [scrapy.middleware] INFO: Enabled downloader middlewares:
['scrapy.downloadermiddlewares.httpauth.HttpAuthMiddleware',
 'scrapy.downloadermiddlewares.downloadtimeout.DownloadTimeoutMiddleware',
 'scrapy.downloadermiddlewares.defaultheaders.DefaultHeadersMiddleware',
 'scrapy_fake_useragent.middleware.RandomUserAgentMiddleware',
 'scrapy.downloadermiddlewares.ajaxcrawl.AjaxCrawlMiddleware',
 'scrapy.downloadermiddlewares.redirect.MetaRefreshMiddleware',
 'scrapy.downloadermiddlewares.httpcompression.HttpCompressionMiddleware',
 'scrapy.downloadermiddlewares.redirect.RedirectMiddleware',
 'scrapy.downloadermiddlewares.httpproxy.HttpProxyMiddleware',
 'scrapy.downloadermiddlewares.stats.DownloaderStats']
2018-05-15 13:17:16 [scrapy.middleware] INFO: Enabled spider middlewares:
['scrapy.spidermiddlewares.httperror.HttpErrorMiddleware',
 'scrapy.spidermiddlewares.offsite.OffsiteMiddleware',
 'scrapy.spidermiddlewares.referer.RefererMiddleware',
 'scrapy.spidermiddlewares.urllength.UrlLengthMiddleware',
 'scrapy.spidermiddlewares.depth.DepthMiddleware']
2018-05-15 13:17:16 [scrapy.middleware] INFO: Enabled item pipelines:
['prototyp.pipelines.PrototypPipeline']
2018-05-15 13:17:16 [scrapy.core.engine] INFO: Spider opened
2018-05-15 13:17:16 [scrapy.extensions.logstats] INFO: Crawled 0 pages (at 0 pages/min), scraped 0 items (at 0 items/min)
2018-05-15 13:17:53 [py.warnings] WARNING: c:\users\jki\appdata\local\continuum\anaconda3\lib\site-packages\scrapy\spidermiddlewares\referer.py:284: RuntimeWarning: Could not load referrer policy 'no-referrer-when-downgrade, strict-origin-when-cross-origin'
  warnings.warn(msg, RuntimeWarning)

2018-05-15 13:18:16 [scrapy.extensions.logstats] INFO: Crawled 1397 pages (at 1397 pages/min), scraped 183 items (at 183 items/min)
2018-05-15 13:19:16 [scrapy.extensions.logstats] INFO: Crawled 3004 pages (at 1607 pages/min), scraped 368 items (at 185 items/min)
2018-05-15 13:19:52 [scrapy.core.downloader.handlers.http11] ERROR: Cancelling download of http://www.modes-heidecafe.de/heideschinken/modes_heideschinken.flv: expected response size (24585579) larger than download max size (10000000).
2018-05-15 13:19:53 [scrapy.core.downloader.handlers.http11] ERROR: Cancelling download of http://www.modes-heidecafe.de/heideschinken/modes_heideschinken.flv: expected response size (24585579) larger than download max size (10000000).
2018-05-15 13:19:53 [scrapy.core.downloader.handlers.http11] ERROR: Cancelling download of http://www.modes-heidecafe.de/heideschinken/modes_heideschinken.flv: expected response size (24585579) larger than download max size (10000000).
2018-05-15 13:19:55 [scrapy.core.downloader.handlers.http11] ERROR: Cancelling download of http://www.modes-heidecafe.de/heideschinken/modes_heideschinken.flv: expected response size (24585579) larger than download max size (10000000).
2018-05-15 13:20:16 [scrapy.extensions.logstats] INFO: Crawled 4649 pages (at 1645 pages/min), scraped 557 items (at 189 items/min)
2018-05-15 13:20:56 [scrapy.core.downloader.tls] WARNING: Remote certificate is not valid for hostname "kikifoo.de"; VerificationError(errors=[DNSMismatch(mismatched_id=DNS_ID(hostname=b'kikifoo.de'))])
2018-05-15 13:21:16 [scrapy.extensions.logstats] INFO: Crawled 5856 pages (at 1207 pages/min), scraped 738 items (at 181 items/min)
2018-05-15 13:22:16 [scrapy.extensions.logstats] INFO: Crawled 7420 pages (at 1564 pages/min), scraped 909 items (at 171 items/min)
2018-05-15 13:23:16 [scrapy.extensions.logstats] INFO: Crawled 9186 pages (at 1766 pages/min), scraped 1105 items (at 196 items/min)
2018-05-15 13:23:36 [scrapy.core.downloader.handlers.http11] ERROR: Cancelling download of https://aa-ha.de/abs.dmg: expected response size (13455932) larger than download max size (10000000).
2018-05-15 13:23:42 [scrapy.core.downloader.handlers.http11] ERROR: Cancelling download of https://aa-ha.de/abs.dmg: expected response size (13455932) larger than download max size (10000000).
2018-05-15 13:23:46 [scrapy.core.downloader.handlers.http11] ERROR: Cancelling download of https://aa-ha.de/abs.dmg: expected response size (13455932) larger than download max size (10000000).
2018-05-15 13:23:50 [scrapy.core.downloader.handlers.http11] ERROR: Cancelling download of https://aa-ha.de/abs.dmg: expected response size (13455932) larger than download max size (10000000).
2018-05-15 13:23:56 [scrapy.core.downloader.handlers.http11] ERROR: Cancelling download of https://aa-ha.de/abs.dmg: expected response size (13455932) larger than download max size (10000000).
2018-05-15 13:24:03 [scrapy.core.downloader.handlers.http11] ERROR: Cancelling download of https://aa-ha.de/abs.dmg: expected response size (13455932) larger than download max size (10000000).
2018-05-15 13:24:08 [scrapy.core.downloader.handlers.http11] ERROR: Cancelling download of https://aa-ha.de/abs.dmg: expected response size (13455932) larger than download max size (10000000).
2018-05-15 13:24:11 [scrapy.core.downloader.handlers.http11] ERROR: Cancelling download of https://aa-ha.de/abs.dmg: expected response size (13455932) larger than download max size (10000000).
2018-05-15 13:24:14 [scrapy.core.downloader.handlers.http11] ERROR: Cancelling download of https://aa-ha.de/abs.dmg: expected response size (13455932) larger than download max size (10000000).
2018-05-15 13:24:16 [scrapy.extensions.logstats] INFO: Crawled 10809 pages (at 1623 pages/min), scraped 1278 items (at 173 items/min)
2018-05-15 13:24:18 [scrapy.core.downloader.handlers.http11] ERROR: Cancelling download of https://aa-ha.de/abs.dmg: expected response size (13455932) larger than download max size (10000000).
2018-05-15 13:24:20 [scrapy.core.downloader.handlers.http11] ERROR: Cancelling download of https://aa-ha.de/abs.dmg: expected response size (13455932) larger than download max size (10000000).
2018-05-15 13:25:16 [scrapy.extensions.logstats] INFO: Crawled 12252 pages (at 1443 pages/min), scraped 1411 items (at 133 items/min)
2018-05-15 13:26:16 [scrapy.extensions.logstats] INFO: Crawled 12487 pages (at 235 pages/min), scraped 1420 items (at 9 items/min)
2018-05-15 13:27:16 [scrapy.extensions.logstats] INFO: Crawled 12576 pages (at 89 pages/min), scraped 1422 items (at 2 items/min)
2018-05-15 13:28:16 [scrapy.extensions.logstats] INFO: Crawled 12640 pages (at 64 pages/min), scraped 1422 items (at 0 items/min)
2018-05-15 13:29:16 [scrapy.extensions.logstats] INFO: Crawled 12697 pages (at 57 pages/min), scraped 1422 items (at 0 items/min)
2018-05-15 13:30:16 [scrapy.extensions.logstats] INFO: Crawled 12760 pages (at 63 pages/min), scraped 1422 items (at 0 items/min)
2018-05-15 13:31:13 [scrapy.core.engine] INFO: Closing spider (finished)
2018-05-15 13:31:13 [scrapy.statscollectors] INFO: Dumping Scrapy stats:
{'downloader/exception_count': 521,
 'downloader/exception_type_count/builtins.ValueError': 47,
 'downloader/exception_type_count/twisted.internet.defer.CancelledError': 15,
 'downloader/exception_type_count/twisted.internet.error.ConnectionRefusedError': 3,
 'downloader/exception_type_count/twisted.internet.error.DNSLookupError': 449,
 'downloader/exception_type_count/twisted.internet.error.TCPTimedOutError': 6,
 'downloader/exception_type_count/twisted.web._newclient.ResponseNeverReceived': 1,
 'downloader/request_bytes': 5461441,
 'downloader/request_count': 15006,
 'downloader/request_method_count/GET': 15006,
 'downloader/response_bytes': 348041318,
 'downloader/response_count': 14485,
 'downloader/response_status_count/200': 12815,
 'downloader/response_status_count/301': 885,
 'downloader/response_status_count/302': 439,
 'downloader/response_status_count/303': 25,
 'downloader/response_status_count/307': 32,
 'downloader/response_status_count/400': 5,
 'downloader/response_status_count/401': 3,
 'downloader/response_status_count/403': 40,
 'downloader/response_status_count/404': 208,
 'downloader/response_status_count/410': 5,
 'downloader/response_status_count/423': 1,
 'downloader/response_status_count/452': 1,
 'downloader/response_status_count/500': 10,
 'downloader/response_status_count/502': 7,
 'downloader/response_status_count/503': 5,
 'downloader/response_status_count/504': 4,
 'finish_reason': 'finished',
 'finish_time': datetime.datetime(2018, 5, 15, 11, 31, 13, 417524),
 'item_scraped_count': 1423,
 'log_count/ERROR': 15,
 'log_count/INFO': 20,
 'log_count/WARNING': 3,
 'request_depth_max': 574,
 'response_received_count': 12820,
 'scheduler/dequeued': 15006,
 'scheduler/dequeued/memory': 15006,
 'scheduler/enqueued': 15006,
 'scheduler/enqueued/memory': 15006,
 'start_time': datetime.datetime(2018, 5, 15, 11, 17, 16, 436162)}
2018-05-15 13:31:13 [scrapy.core.engine] INFO: Spider closed (finished)
