2018-05-15 13:17:16 [scrapy.utils.log] INFO: Scrapy 1.4.0 started (bot: prototyp)
2018-05-15 13:17:16 [scrapy.utils.log] INFO: Overridden settings: {'BOT_NAME': 'prototyp', 'CONCURRENT_ITEMS': 200, 'CONCURRENT_REQUESTS': 100, 'COOKIES_ENABLED': False, 'DOWNLOAD_MAXSIZE': 10000000, 'FEED_URI': 'file:///I:/%21Projekte/BMBF_TOBI_131308/01_Arbeitspakete/01_Webscraper/Webscraper/crawler/neu/items/prototyp/protospider/8368d254583111e88a6c005056806059.jl', 'LOG_FILE': 'logs\\prototyp\\protospider\\8368d254583111e88a6c005056806059.log', 'LOG_LEVEL': 'INFO', 'NEWSPIDER_MODULE': 'prototyp.spiders', 'REACTOR_THREADPOOL_MAXSIZE': 30, 'RETRY_ENABLED': False, 'SPIDER_MODULES': ['prototyp.spiders']}
2018-05-15 13:17:16 [py.warnings] WARNING: c:\users\jki\appdata\local\continuum\anaconda3\lib\site-packages\scrapy\utils\deprecate.py:156: ScrapyDeprecationWarning: `scrapy.contrib.feedexport.FeedExporter` class is deprecated, use `scrapy.extensions.feedexport.FeedExporter` instead
  ScrapyDeprecationWarning)

2018-05-15 13:17:16 [scrapy.middleware] INFO: Enabled extensions:
['scrapy.extensions.corestats.CoreStats',
 'scrapy.extensions.telnet.TelnetConsole',
 'scrapy.extensions.logstats.LogStats']
2018-05-15 13:17:16 [scrapy.middleware] INFO: Enabled downloader middlewares:
['scrapy.downloadermiddlewares.httpauth.HttpAuthMiddleware',
 'scrapy.downloadermiddlewares.downloadtimeout.DownloadTimeoutMiddleware',
 'scrapy.downloadermiddlewares.defaultheaders.DefaultHeadersMiddleware',
 'scrapy_fake_useragent.middleware.RandomUserAgentMiddleware',
 'scrapy.downloadermiddlewares.ajaxcrawl.AjaxCrawlMiddleware',
 'scrapy.downloadermiddlewares.redirect.MetaRefreshMiddleware',
 'scrapy.downloadermiddlewares.httpcompression.HttpCompressionMiddleware',
 'scrapy.downloadermiddlewares.redirect.RedirectMiddleware',
 'scrapy.downloadermiddlewares.httpproxy.HttpProxyMiddleware',
 'scrapy.downloadermiddlewares.stats.DownloaderStats']
2018-05-15 13:17:16 [scrapy.middleware] INFO: Enabled spider middlewares:
['scrapy.spidermiddlewares.httperror.HttpErrorMiddleware',
 'scrapy.spidermiddlewares.offsite.OffsiteMiddleware',
 'scrapy.spidermiddlewares.referer.RefererMiddleware',
 'scrapy.spidermiddlewares.urllength.UrlLengthMiddleware',
 'scrapy.spidermiddlewares.depth.DepthMiddleware']
2018-05-15 13:17:16 [scrapy.middleware] INFO: Enabled item pipelines:
['prototyp.pipelines.PrototypPipeline']
2018-05-15 13:17:16 [scrapy.core.engine] INFO: Spider opened
2018-05-15 13:17:16 [scrapy.extensions.logstats] INFO: Crawled 0 pages (at 0 pages/min), scraped 0 items (at 0 items/min)
2018-05-15 13:18:16 [scrapy.extensions.logstats] INFO: Crawled 1122 pages (at 1122 pages/min), scraped 161 items (at 161 items/min)
2018-05-15 13:19:16 [scrapy.extensions.logstats] INFO: Crawled 2858 pages (at 1736 pages/min), scraped 341 items (at 180 items/min)
2018-05-15 13:20:16 [scrapy.extensions.logstats] INFO: Crawled 4370 pages (at 1512 pages/min), scraped 533 items (at 192 items/min)
2018-05-15 13:21:17 [scrapy.extensions.logstats] INFO: Crawled 5990 pages (at 1620 pages/min), scraped 723 items (at 190 items/min)
2018-05-15 13:22:16 [scrapy.extensions.logstats] INFO: Crawled 7500 pages (at 1510 pages/min), scraped 893 items (at 170 items/min)
2018-05-15 13:22:41 [scrapy.core.downloader.tls] WARNING: Remote certificate is not valid for hostname "bkm.de"; VerificationError(errors=[DNSMismatch(mismatched_id=DNS_ID(hostname=b'bkm.de'))])
2018-05-15 13:23:16 [scrapy.extensions.logstats] INFO: Crawled 9124 pages (at 1624 pages/min), scraped 1084 items (at 191 items/min)
2018-05-15 13:24:17 [scrapy.extensions.logstats] INFO: Crawled 10713 pages (at 1589 pages/min), scraped 1274 items (at 190 items/min)
2018-05-15 13:25:16 [scrapy.extensions.logstats] INFO: Crawled 12267 pages (at 1554 pages/min), scraped 1415 items (at 141 items/min)
2018-05-15 13:26:16 [scrapy.extensions.logstats] INFO: Crawled 12573 pages (at 306 pages/min), scraped 1421 items (at 6 items/min)
2018-05-15 13:26:41 [scrapy.core.engine] INFO: Closing spider (finished)
2018-05-15 13:26:41 [scrapy.statscollectors] INFO: Dumping Scrapy stats:
{'downloader/exception_count': 489,
 'downloader/exception_type_count/builtins.ValueError': 23,
 'downloader/exception_type_count/scrapy.exceptions.NotSupported': 4,
 'downloader/exception_type_count/twisted.internet.error.ConnectionRefusedError': 2,
 'downloader/exception_type_count/twisted.internet.error.DNSLookupError': 447,
 'downloader/exception_type_count/twisted.internet.error.TCPTimedOutError': 12,
 'downloader/exception_type_count/twisted.web._newclient.ResponseNeverReceived': 1,
 'downloader/request_bytes': 5199285,
 'downloader/request_count': 14390,
 'downloader/request_method_count/GET': 14390,
 'downloader/response_bytes': 399764365,
 'downloader/response_count': 13901,
 'downloader/response_status_count/200': 12251,
 'downloader/response_status_count/301': 879,
 'downloader/response_status_count/302': 353,
 'downloader/response_status_count/303': 18,
 'downloader/response_status_count/307': 9,
 'downloader/response_status_count/400': 4,
 'downloader/response_status_count/401': 28,
 'downloader/response_status_count/403': 31,
 'downloader/response_status_count/404': 235,
 'downloader/response_status_count/410': 1,
 'downloader/response_status_count/500': 84,
 'downloader/response_status_count/502': 1,
 'downloader/response_status_count/503': 7,
 'finish_reason': 'finished',
 'finish_time': datetime.datetime(2018, 5, 15, 11, 26, 41, 271831),
 'item_scraped_count': 1422,
 'log_count/INFO': 16,
 'log_count/WARNING': 2,
 'request_depth_max': 319,
 'response_received_count': 12606,
 'scheduler/dequeued': 14390,
 'scheduler/dequeued/memory': 14390,
 'scheduler/enqueued': 14390,
 'scheduler/enqueued/memory': 14390,
 'start_time': datetime.datetime(2018, 5, 15, 11, 17, 16, 436162)}
2018-05-15 13:26:41 [scrapy.core.engine] INFO: Spider closed (finished)
