2018-05-15 13:17:16 [scrapy.utils.log] INFO: Scrapy 1.4.0 started (bot: prototyp)
2018-05-15 13:17:16 [scrapy.utils.log] INFO: Overridden settings: {'BOT_NAME': 'prototyp', 'CONCURRENT_ITEMS': 200, 'CONCURRENT_REQUESTS': 100, 'COOKIES_ENABLED': False, 'DOWNLOAD_MAXSIZE': 10000000, 'FEED_URI': 'file:///I:/%21Projekte/BMBF_TOBI_131308/01_Arbeitspakete/01_Webscraper/Webscraper/crawler/neu/items/prototyp/protospider/8371ac2e583111e8ba67005056806059.jl', 'LOG_FILE': 'logs\\prototyp\\protospider\\8371ac2e583111e8ba67005056806059.log', 'LOG_LEVEL': 'INFO', 'NEWSPIDER_MODULE': 'prototyp.spiders', 'REACTOR_THREADPOOL_MAXSIZE': 30, 'RETRY_ENABLED': False, 'SPIDER_MODULES': ['prototyp.spiders']}
2018-05-15 13:17:16 [py.warnings] WARNING: c:\users\jki\appdata\local\continuum\anaconda3\lib\site-packages\scrapy\utils\deprecate.py:156: ScrapyDeprecationWarning: `scrapy.contrib.feedexport.FeedExporter` class is deprecated, use `scrapy.extensions.feedexport.FeedExporter` instead
  ScrapyDeprecationWarning)

2018-05-15 13:17:16 [scrapy.middleware] INFO: Enabled extensions:
['scrapy.extensions.corestats.CoreStats',
 'scrapy.extensions.telnet.TelnetConsole',
 'scrapy.extensions.logstats.LogStats']
2018-05-15 13:17:16 [scrapy.middleware] INFO: Enabled downloader middlewares:
['scrapy.downloadermiddlewares.httpauth.HttpAuthMiddleware',
 'scrapy.downloadermiddlewares.downloadtimeout.DownloadTimeoutMiddleware',
 'scrapy.downloadermiddlewares.defaultheaders.DefaultHeadersMiddleware',
 'scrapy_fake_useragent.middleware.RandomUserAgentMiddleware',
 'scrapy.downloadermiddlewares.ajaxcrawl.AjaxCrawlMiddleware',
 'scrapy.downloadermiddlewares.redirect.MetaRefreshMiddleware',
 'scrapy.downloadermiddlewares.httpcompression.HttpCompressionMiddleware',
 'scrapy.downloadermiddlewares.redirect.RedirectMiddleware',
 'scrapy.downloadermiddlewares.httpproxy.HttpProxyMiddleware',
 'scrapy.downloadermiddlewares.stats.DownloaderStats']
2018-05-15 13:17:16 [scrapy.middleware] INFO: Enabled spider middlewares:
['scrapy.spidermiddlewares.httperror.HttpErrorMiddleware',
 'scrapy.spidermiddlewares.offsite.OffsiteMiddleware',
 'scrapy.spidermiddlewares.referer.RefererMiddleware',
 'scrapy.spidermiddlewares.urllength.UrlLengthMiddleware',
 'scrapy.spidermiddlewares.depth.DepthMiddleware']
2018-05-15 13:17:16 [scrapy.middleware] INFO: Enabled item pipelines:
['prototyp.pipelines.PrototypPipeline']
2018-05-15 13:17:16 [scrapy.core.engine] INFO: Spider opened
2018-05-15 13:17:16 [scrapy.extensions.logstats] INFO: Crawled 0 pages (at 0 pages/min), scraped 0 items (at 0 items/min)
2018-05-15 13:18:16 [scrapy.extensions.logstats] INFO: Crawled 1321 pages (at 1321 pages/min), scraped 174 items (at 174 items/min)
2018-05-15 13:18:20 [scrapy.core.downloader.tls] WARNING: Remote certificate is not valid for hostname "www.lions-scooter.de"; VerificationError(errors=[DNSMismatch(mismatched_id=DNS_ID(hostname=b'www.lions-scooter.de'))])
2018-05-15 13:19:16 [scrapy.extensions.logstats] INFO: Crawled 2913 pages (at 1592 pages/min), scraped 366 items (at 192 items/min)
2018-05-15 13:19:26 [scrapy.core.downloader.tls] WARNING: Remote certificate is not valid for hostname "aw-raumkonzepte.de"; VerificationError(errors=[DNSMismatch(mismatched_id=DNS_ID(hostname=b'aw-raumkonzepte.de'))])
2018-05-15 13:19:31 [py.warnings] WARNING: c:\users\jki\appdata\local\continuum\anaconda3\lib\site-packages\scrapy\spidermiddlewares\referer.py:284: RuntimeWarning: Could not load referrer policy 'origin-when-cross-origin, strict-origin-when-cross-origin'
  warnings.warn(msg, RuntimeWarning)

2018-05-15 13:20:16 [scrapy.extensions.logstats] INFO: Crawled 4386 pages (at 1473 pages/min), scraped 553 items (at 187 items/min)
2018-05-15 13:21:17 [scrapy.extensions.logstats] INFO: Crawled 5746 pages (at 1360 pages/min), scraped 730 items (at 177 items/min)
2018-05-15 13:22:17 [scrapy.extensions.logstats] INFO: Crawled 7428 pages (at 1682 pages/min), scraped 873 items (at 143 items/min)
2018-05-15 13:23:08 [scrapy.core.downloader.tls] WARNING: Remote certificate is not valid for hostname "europacourier.de"; VerificationError(errors=[DNSMismatch(mismatched_id=DNS_ID(hostname=b'europacourier.de'))])
2018-05-15 13:23:17 [scrapy.extensions.logstats] INFO: Crawled 9035 pages (at 1607 pages/min), scraped 989 items (at 116 items/min)
2018-05-15 13:24:17 [scrapy.extensions.logstats] INFO: Crawled 10562 pages (at 1527 pages/min), scraped 1093 items (at 104 items/min)
2018-05-15 13:25:10 [scrapy.core.downloader.tls] WARNING: Remote certificate is not valid for hostname "fubau.de"; VerificationError(errors=[DNSMismatch(mismatched_id=DNS_ID(hostname=b'fubau.de'))])
2018-05-15 13:25:17 [scrapy.extensions.logstats] INFO: Crawled 12092 pages (at 1530 pages/min), scraped 1201 items (at 108 items/min)
2018-05-15 13:26:17 [scrapy.extensions.logstats] INFO: Crawled 13710 pages (at 1618 pages/min), scraped 1290 items (at 89 items/min)
2018-05-15 13:27:16 [scrapy.extensions.logstats] INFO: Crawled 15310 pages (at 1600 pages/min), scraped 1387 items (at 97 items/min)
2018-05-15 13:28:16 [scrapy.extensions.logstats] INFO: Crawled 15963 pages (at 653 pages/min), scraped 1417 items (at 30 items/min)
2018-05-15 13:29:16 [scrapy.extensions.logstats] INFO: Crawled 15996 pages (at 33 pages/min), scraped 1421 items (at 4 items/min)
2018-05-15 13:30:16 [scrapy.extensions.logstats] INFO: Crawled 15997 pages (at 1 pages/min), scraped 1421 items (at 0 items/min)
2018-05-15 13:31:16 [scrapy.extensions.logstats] INFO: Crawled 15998 pages (at 1 pages/min), scraped 1421 items (at 0 items/min)
2018-05-15 13:32:16 [scrapy.extensions.logstats] INFO: Crawled 15999 pages (at 1 pages/min), scraped 1421 items (at 0 items/min)
2018-05-15 13:32:26 [scrapy.core.engine] INFO: Closing spider (finished)
2018-05-15 13:32:26 [scrapy.statscollectors] INFO: Dumping Scrapy stats:
{'downloader/exception_count': 368,
 'downloader/exception_type_count/builtins.ValueError': 6,
 'downloader/exception_type_count/idna.core.IDNAError': 1,
 'downloader/exception_type_count/scrapy.exceptions.NotSupported': 1,
 'downloader/exception_type_count/twisted.internet.error.ConnectionRefusedError': 3,
 'downloader/exception_type_count/twisted.internet.error.DNSLookupError': 346,
 'downloader/exception_type_count/twisted.internet.error.TCPTimedOutError': 8,
 'downloader/exception_type_count/twisted.web._newclient.ResponseNeverReceived': 3,
 'downloader/request_bytes': 6473343,
 'downloader/request_count': 17965,
 'downloader/request_method_count/GET': 17965,
 'downloader/response_bytes': 439845880,
 'downloader/response_count': 17597,
 'downloader/response_status_count/200': 15805,
 'downloader/response_status_count/300': 2,
 'downloader/response_status_count/301': 976,
 'downloader/response_status_count/302': 412,
 'downloader/response_status_count/303': 25,
 'downloader/response_status_count/307': 36,
 'downloader/response_status_count/400': 22,
 'downloader/response_status_count/401': 3,
 'downloader/response_status_count/403': 32,
 'downloader/response_status_count/404': 260,
 'downloader/response_status_count/410': 1,
 'downloader/response_status_count/500': 4,
 'downloader/response_status_count/502': 2,
 'downloader/response_status_count/503': 17,
 'finish_reason': 'finished',
 'finish_time': datetime.datetime(2018, 5, 15, 11, 32, 26, 151657),
 'item_scraped_count': 1422,
 'log_count/INFO': 22,
 'log_count/WARNING': 6,
 'request_depth_max': 314,
 'response_received_count': 16000,
 'scheduler/dequeued': 17965,
 'scheduler/dequeued/memory': 17965,
 'scheduler/enqueued': 17965,
 'scheduler/enqueued/memory': 17965,
 'start_time': datetime.datetime(2018, 5, 15, 11, 17, 16, 781197)}
2018-05-15 13:32:26 [scrapy.core.engine] INFO: Spider closed (finished)
