2018-05-15 13:17:16 [scrapy.utils.log] INFO: Scrapy 1.4.0 started (bot: prototyp)
2018-05-15 13:17:16 [scrapy.utils.log] INFO: Overridden settings: {'BOT_NAME': 'prototyp', 'CONCURRENT_ITEMS': 200, 'CONCURRENT_REQUESTS': 100, 'COOKIES_ENABLED': False, 'DOWNLOAD_MAXSIZE': 10000000, 'FEED_URI': 'file:///I:/%21Projekte/BMBF_TOBI_131308/01_Arbeitspakete/01_Webscraper/Webscraper/crawler/neu/items/prototyp/protospider/8378631c583111e8a0e8005056806059.jl', 'LOG_FILE': 'logs\\prototyp\\protospider\\8378631c583111e8a0e8005056806059.log', 'LOG_LEVEL': 'INFO', 'NEWSPIDER_MODULE': 'prototyp.spiders', 'REACTOR_THREADPOOL_MAXSIZE': 30, 'RETRY_ENABLED': False, 'SPIDER_MODULES': ['prototyp.spiders']}
2018-05-15 13:17:16 [py.warnings] WARNING: c:\users\jki\appdata\local\continuum\anaconda3\lib\site-packages\scrapy\utils\deprecate.py:156: ScrapyDeprecationWarning: `scrapy.contrib.feedexport.FeedExporter` class is deprecated, use `scrapy.extensions.feedexport.FeedExporter` instead
  ScrapyDeprecationWarning)

2018-05-15 13:17:16 [scrapy.middleware] INFO: Enabled extensions:
['scrapy.extensions.corestats.CoreStats',
 'scrapy.extensions.telnet.TelnetConsole',
 'scrapy.extensions.logstats.LogStats']
2018-05-15 13:17:16 [scrapy.middleware] INFO: Enabled downloader middlewares:
['scrapy.downloadermiddlewares.httpauth.HttpAuthMiddleware',
 'scrapy.downloadermiddlewares.downloadtimeout.DownloadTimeoutMiddleware',
 'scrapy.downloadermiddlewares.defaultheaders.DefaultHeadersMiddleware',
 'scrapy_fake_useragent.middleware.RandomUserAgentMiddleware',
 'scrapy.downloadermiddlewares.ajaxcrawl.AjaxCrawlMiddleware',
 'scrapy.downloadermiddlewares.redirect.MetaRefreshMiddleware',
 'scrapy.downloadermiddlewares.httpcompression.HttpCompressionMiddleware',
 'scrapy.downloadermiddlewares.redirect.RedirectMiddleware',
 'scrapy.downloadermiddlewares.httpproxy.HttpProxyMiddleware',
 'scrapy.downloadermiddlewares.stats.DownloaderStats']
2018-05-15 13:17:16 [scrapy.middleware] INFO: Enabled spider middlewares:
['scrapy.spidermiddlewares.httperror.HttpErrorMiddleware',
 'scrapy.spidermiddlewares.offsite.OffsiteMiddleware',
 'scrapy.spidermiddlewares.referer.RefererMiddleware',
 'scrapy.spidermiddlewares.urllength.UrlLengthMiddleware',
 'scrapy.spidermiddlewares.depth.DepthMiddleware']
2018-05-15 13:17:16 [scrapy.middleware] INFO: Enabled item pipelines:
['prototyp.pipelines.PrototypPipeline']
2018-05-15 13:17:16 [scrapy.core.engine] INFO: Spider opened
2018-05-15 13:17:16 [scrapy.extensions.logstats] INFO: Crawled 0 pages (at 0 pages/min), scraped 0 items (at 0 items/min)
2018-05-15 13:18:17 [scrapy.extensions.logstats] INFO: Crawled 1475 pages (at 1475 pages/min), scraped 100 items (at 100 items/min)
2018-05-15 13:19:17 [scrapy.extensions.logstats] INFO: Crawled 2998 pages (at 1523 pages/min), scraped 208 items (at 108 items/min)
2018-05-15 13:19:41 [scrapy.core.downloader.tls] WARNING: Remote certificate is not valid for hostname "tms-team-hamburg.de"; VerificationError(errors=[DNSMismatch(mismatched_id=DNS_ID(hostname=b'tms-team-hamburg.de'))])
2018-05-15 13:20:17 [scrapy.extensions.logstats] INFO: Crawled 4640 pages (at 1642 pages/min), scraped 324 items (at 116 items/min)
2018-05-15 13:21:17 [scrapy.extensions.logstats] INFO: Crawled 6197 pages (at 1557 pages/min), scraped 432 items (at 108 items/min)
2018-05-15 13:22:17 [scrapy.extensions.logstats] INFO: Crawled 7905 pages (at 1708 pages/min), scraped 551 items (at 119 items/min)
2018-05-15 13:22:20 [scrapy.core.downloader.tls] WARNING: Remote certificate is not valid for hostname "autohaus-vonberckefeldt.de"; VerificationError(errors=[DNSMismatch(mismatched_id=DNS_ID(hostname=b'autohaus-vonberckefeldt.de'))])
2018-05-15 13:23:17 [scrapy.extensions.logstats] INFO: Crawled 9528 pages (at 1623 pages/min), scraped 677 items (at 126 items/min)
2018-05-15 13:23:57 [scrapy.core.downloader.handlers.http11] ERROR: Cancelling download of http://fireprosystems.com/media/AVSEQ02.flv: expected response size (23165608) larger than download max size (10000000).
2018-05-15 13:24:17 [scrapy.extensions.logstats] INFO: Crawled 10808 pages (at 1280 pages/min), scraped 760 items (at 83 items/min)
2018-05-15 13:25:17 [scrapy.extensions.logstats] INFO: Crawled 12373 pages (at 1565 pages/min), scraped 866 items (at 106 items/min)
2018-05-15 13:25:48 [scrapy.core.downloader.handlers.http11] ERROR: Cancelling download of http://swing-and-fun.de/media/files/WB2012_01.ogv: expected response size (25932833) larger than download max size (10000000).
2018-05-15 13:25:56 [scrapy.core.downloader.handlers.http11] ERROR: Cancelling download of http://swing-and-fun.de/media/files/WB2012_01.webm: expected response size (28501911) larger than download max size (10000000).
2018-05-15 13:26:05 [scrapy.core.downloader.tls] WARNING: Remote certificate is not valid for hostname "physiotherapie-in-karow.de"; VerificationError(errors=[DNSMismatch(mismatched_id=DNS_ID(hostname=b'physiotherapie-in-karow.de'))])
2018-05-15 13:26:13 [scrapy.core.downloader.handlers.http11] ERROR: Cancelling download of http://swing-and-fun.de/media/files/Agilando-mit-Walzer.ogv: expected response size (82743540) larger than download max size (10000000).
2018-05-15 13:26:16 [scrapy.core.downloader.handlers.http11] ERROR: Cancelling download of http://swing-and-fun.de/media/files/Agilando-mit-Walzer.ogv: expected response size (82743540) larger than download max size (10000000).
2018-05-15 13:26:17 [scrapy.extensions.logstats] INFO: Crawled 13908 pages (at 1535 pages/min), scraped 975 items (at 109 items/min)
2018-05-15 13:26:40 [scrapy.core.downloader.tls] WARNING: Remote certificate is not valid for hostname "physiotherapie-in-karow.de"; VerificationError(errors=[DNSMismatch(mismatched_id=DNS_ID(hostname=b'physiotherapie-in-karow.de'))])
2018-05-15 13:27:17 [scrapy.extensions.logstats] INFO: Crawled 15612 pages (at 1704 pages/min), scraped 1095 items (at 120 items/min)
2018-05-15 13:28:17 [scrapy.extensions.logstats] INFO: Crawled 17377 pages (at 1765 pages/min), scraped 1205 items (at 110 items/min)
2018-05-15 13:29:17 [scrapy.extensions.logstats] INFO: Crawled 19045 pages (at 1668 pages/min), scraped 1316 items (at 111 items/min)
2018-05-15 13:29:35 [scrapy.core.downloader.tls] WARNING: Remote certificate is not valid for hostname "www.klatho.de"; VerificationError(errors=[DNSMismatch(mismatched_id=DNS_ID(hostname=b'www.klatho.de'))])
2018-05-15 13:30:16 [scrapy.extensions.logstats] INFO: Crawled 20455 pages (at 1410 pages/min), scraped 1417 items (at 101 items/min)
2018-05-15 13:31:16 [scrapy.extensions.logstats] INFO: Crawled 20698 pages (at 243 pages/min), scraped 1420 items (at 3 items/min)
2018-05-15 13:32:16 [scrapy.extensions.logstats] INFO: Crawled 20804 pages (at 106 pages/min), scraped 1421 items (at 1 items/min)
2018-05-15 13:33:16 [scrapy.extensions.logstats] INFO: Crawled 20902 pages (at 98 pages/min), scraped 1421 items (at 0 items/min)
2018-05-15 13:34:16 [scrapy.extensions.logstats] INFO: Crawled 20997 pages (at 95 pages/min), scraped 1421 items (at 0 items/min)
2018-05-15 13:35:16 [scrapy.extensions.logstats] INFO: Crawled 21094 pages (at 97 pages/min), scraped 1421 items (at 0 items/min)
2018-05-15 13:35:26 [scrapy.core.engine] INFO: Closing spider (finished)
2018-05-15 13:35:26 [scrapy.statscollectors] INFO: Dumping Scrapy stats:
{'downloader/exception_count': 241,
 'downloader/exception_type_count/builtins.ValueError': 31,
 'downloader/exception_type_count/scrapy.exceptions.NotSupported': 3,
 'downloader/exception_type_count/twisted.internet.defer.CancelledError': 5,
 'downloader/exception_type_count/twisted.internet.error.ConnectionRefusedError': 1,
 'downloader/exception_type_count/twisted.internet.error.DNSLookupError': 118,
 'downloader/exception_type_count/twisted.internet.error.TCPTimedOutError': 9,
 'downloader/exception_type_count/twisted.web._newclient.ResponseFailed': 67,
 'downloader/exception_type_count/twisted.web._newclient.ResponseNeverReceived': 7,
 'downloader/request_bytes': 8419496,
 'downloader/request_count': 23257,
 'downloader/request_method_count/GET': 23257,
 'downloader/response_bytes': 605858985,
 'downloader/response_count': 23016,
 'downloader/response_status_count/200': 20494,
 'downloader/response_status_count/301': 1371,
 'downloader/response_status_count/302': 455,
 'downloader/response_status_count/303': 63,
 'downloader/response_status_count/307': 80,
 'downloader/response_status_count/400': 18,
 'downloader/response_status_count/401': 3,
 'downloader/response_status_count/403': 26,
 'downloader/response_status_count/404': 488,
 'downloader/response_status_count/410': 1,
 'downloader/response_status_count/500': 6,
 'downloader/response_status_count/502': 4,
 'downloader/response_status_count/503': 6,
 'downloader/response_status_count/522': 1,
 'finish_reason': 'finished',
 'finish_time': datetime.datetime(2018, 5, 15, 11, 35, 26, 622771),
 'item_scraped_count': 1422,
 'log_count/ERROR': 5,
 'log_count/INFO': 25,
 'log_count/WARNING': 6,
 'request_depth_max': 531,
 'response_received_count': 21110,
 'scheduler/dequeued': 23257,
 'scheduler/dequeued/memory': 23257,
 'scheduler/enqueued': 23257,
 'scheduler/enqueued/memory': 23257,
 'start_time': datetime.datetime(2018, 5, 15, 11, 17, 16, 782197)}
2018-05-15 13:35:26 [scrapy.core.engine] INFO: Spider closed (finished)
