2018-05-15 09:43:58 [scrapy.utils.log] INFO: Scrapy 1.4.0 started (bot: prototyp)
2018-05-15 09:43:58 [scrapy.utils.log] INFO: Overridden settings: {'BOT_NAME': 'prototyp', 'CONCURRENT_ITEMS': 200, 'CONCURRENT_REQUESTS': 100, 'COOKIES_ENABLED': False, 'DOWNLOAD_MAXSIZE': 10000000, 'FEED_URI': 'file:///I:/%21Projekte/BMBF_TOBI_131308/01_Arbeitspakete/01_Webscraper/Webscraper/crawler/neu/items/prototyp/protospider/b7b44836581311e89309005056806059.jl', 'LOG_FILE': 'logs\\prototyp\\protospider\\b7b44836581311e89309005056806059.log', 'LOG_LEVEL': 'INFO', 'NEWSPIDER_MODULE': 'prototyp.spiders', 'REACTOR_THREADPOOL_MAXSIZE': 30, 'RETRY_ENABLED': False, 'SPIDER_MODULES': ['prototyp.spiders']}
2018-05-15 09:43:58 [py.warnings] WARNING: c:\users\jki\appdata\local\continuum\anaconda3\lib\site-packages\scrapy\utils\deprecate.py:156: ScrapyDeprecationWarning: `scrapy.contrib.feedexport.FeedExporter` class is deprecated, use `scrapy.extensions.feedexport.FeedExporter` instead
  ScrapyDeprecationWarning)

2018-05-15 09:43:58 [scrapy.middleware] INFO: Enabled extensions:
['scrapy.extensions.corestats.CoreStats',
 'scrapy.extensions.telnet.TelnetConsole',
 'scrapy.extensions.logstats.LogStats']
2018-05-15 09:43:59 [scrapy.middleware] INFO: Enabled downloader middlewares:
['scrapy.downloadermiddlewares.httpauth.HttpAuthMiddleware',
 'scrapy.downloadermiddlewares.downloadtimeout.DownloadTimeoutMiddleware',
 'scrapy.downloadermiddlewares.defaultheaders.DefaultHeadersMiddleware',
 'scrapy_fake_useragent.middleware.RandomUserAgentMiddleware',
 'scrapy.downloadermiddlewares.ajaxcrawl.AjaxCrawlMiddleware',
 'scrapy.downloadermiddlewares.redirect.MetaRefreshMiddleware',
 'scrapy.downloadermiddlewares.httpcompression.HttpCompressionMiddleware',
 'scrapy.downloadermiddlewares.redirect.RedirectMiddleware',
 'scrapy.downloadermiddlewares.httpproxy.HttpProxyMiddleware',
 'scrapy.downloadermiddlewares.stats.DownloaderStats']
2018-05-15 09:43:59 [scrapy.middleware] INFO: Enabled spider middlewares:
['scrapy.spidermiddlewares.httperror.HttpErrorMiddleware',
 'scrapy.spidermiddlewares.offsite.OffsiteMiddleware',
 'scrapy.spidermiddlewares.referer.RefererMiddleware',
 'scrapy.spidermiddlewares.urllength.UrlLengthMiddleware',
 'scrapy.spidermiddlewares.depth.DepthMiddleware']
2018-05-15 09:43:59 [scrapy.middleware] INFO: Enabled item pipelines:
['prototyp.pipelines.PrototypPipeline']
2018-05-15 09:43:59 [scrapy.core.engine] INFO: Spider opened
2018-05-15 09:43:59 [scrapy.extensions.logstats] INFO: Crawled 0 pages (at 0 pages/min), scraped 0 items (at 0 items/min)
2018-05-15 09:44:59 [scrapy.extensions.logstats] INFO: Crawled 1800 pages (at 1800 pages/min), scraped 145 items (at 145 items/min)
2018-05-15 09:45:59 [scrapy.extensions.logstats] INFO: Crawled 3387 pages (at 1587 pages/min), scraped 291 items (at 146 items/min)
2018-05-15 09:46:59 [scrapy.extensions.logstats] INFO: Crawled 4568 pages (at 1181 pages/min), scraped 434 items (at 143 items/min)
2018-05-15 09:47:59 [scrapy.extensions.logstats] INFO: Crawled 6034 pages (at 1466 pages/min), scraped 536 items (at 102 items/min)
2018-05-15 09:48:59 [scrapy.extensions.logstats] INFO: Crawled 7523 pages (at 1489 pages/min), scraped 699 items (at 163 items/min)
2018-05-15 09:49:59 [scrapy.extensions.logstats] INFO: Crawled 9122 pages (at 1599 pages/min), scraped 878 items (at 179 items/min)
2018-05-15 09:50:09 [py.warnings] WARNING: c:\users\jki\appdata\local\continuum\anaconda3\lib\site-packages\scrapy\spidermiddlewares\referer.py:284: RuntimeWarning: Could not load referrer policy 'no-referrer-when-downgrade, strict-origin-when-cross-origin'
  warnings.warn(msg, RuntimeWarning)

2018-05-15 09:50:22 [scrapy.core.downloader.tls] WARNING: Remote certificate is not valid for hostname "trainmyself.com"; VerificationError(errors=[DNSMismatch(mismatched_id=DNS_ID(hostname=b'trainmyself.com'))])
2018-05-15 09:50:30 [scrapy.core.downloader.tls] WARNING: Remote certificate is not valid for hostname "trainmyself.com"; VerificationError(errors=[DNSMismatch(mismatched_id=DNS_ID(hostname=b'trainmyself.com'))])
2018-05-15 09:51:00 [scrapy.extensions.logstats] INFO: Crawled 10607 pages (at 1485 pages/min), scraped 991 items (at 113 items/min)
2018-05-15 09:51:59 [scrapy.extensions.logstats] INFO: Crawled 12202 pages (at 1595 pages/min), scraped 1141 items (at 150 items/min)
2018-05-15 09:52:54 [scrapy.core.downloader.tls] WARNING: Remote certificate is not valid for hostname "putzteufelchencompany.de"; VerificationError(errors=[DNSMismatch(mismatched_id=DNS_ID(hostname=b'putzteufelchencompany.de'))])
2018-05-15 09:52:59 [scrapy.extensions.logstats] INFO: Crawled 13933 pages (at 1731 pages/min), scraped 1318 items (at 177 items/min)
2018-05-15 09:53:59 [scrapy.extensions.logstats] INFO: Crawled 15128 pages (at 1195 pages/min), scraped 1417 items (at 99 items/min)
2018-05-15 09:54:59 [scrapy.extensions.logstats] INFO: Crawled 15302 pages (at 174 pages/min), scraped 1422 items (at 5 items/min)
2018-05-15 09:55:59 [scrapy.extensions.logstats] INFO: Crawled 15302 pages (at 0 pages/min), scraped 1422 items (at 0 items/min)
2018-05-15 09:56:59 [scrapy.extensions.logstats] INFO: Crawled 15307 pages (at 5 pages/min), scraped 1422 items (at 0 items/min)
2018-05-15 09:57:17 [scrapy.core.engine] INFO: Closing spider (finished)
2018-05-15 09:57:17 [scrapy.statscollectors] INFO: Dumping Scrapy stats:
{'downloader/exception_count': 379,
 'downloader/exception_type_count/builtins.ValueError': 7,
 'downloader/exception_type_count/scrapy.exceptions.NotSupported': 1,
 'downloader/exception_type_count/twisted.internet.error.ConnectionRefusedError': 1,
 'downloader/exception_type_count/twisted.internet.error.DNSLookupError': 360,
 'downloader/exception_type_count/twisted.internet.error.TCPTimedOutError': 10,
 'downloader/request_bytes': 6143500,
 'downloader/request_count': 16951,
 'downloader/request_method_count/GET': 16951,
 'downloader/response_bytes': 403445911,
 'downloader/response_count': 16572,
 'downloader/response_status_count/200': 14398,
 'downloader/response_status_count/300': 11,
 'downloader/response_status_count/301': 1051,
 'downloader/response_status_count/302': 586,
 'downloader/response_status_count/303': 17,
 'downloader/response_status_count/307': 31,
 'downloader/response_status_count/400': 90,
 'downloader/response_status_count/401': 26,
 'downloader/response_status_count/403': 27,
 'downloader/response_status_count/404': 315,
 'downloader/response_status_count/410': 2,
 'downloader/response_status_count/500': 8,
 'downloader/response_status_count/501': 2,
 'downloader/response_status_count/502': 1,
 'downloader/response_status_count/503': 5,
 'downloader/response_status_count/520': 1,
 'downloader/response_status_count/522': 1,
 'finish_reason': 'finished',
 'finish_time': datetime.datetime(2018, 5, 15, 7, 57, 17, 645898),
 'item_scraped_count': 1423,
 'log_count/INFO': 20,
 'log_count/WARNING': 5,
 'request_depth_max': 338,
 'response_received_count': 15310,
 'scheduler/dequeued': 16951,
 'scheduler/dequeued/memory': 16951,
 'scheduler/enqueued': 16951,
 'scheduler/enqueued/memory': 16951,
 'start_time': datetime.datetime(2018, 5, 15, 7, 43, 59, 86317)}
2018-05-15 09:57:17 [scrapy.core.engine] INFO: Spider closed (finished)
