2018-05-15 09:43:58 [scrapy.utils.log] INFO: Scrapy 1.4.0 started (bot: prototyp)
2018-05-15 09:43:58 [scrapy.utils.log] INFO: Overridden settings: {'BOT_NAME': 'prototyp', 'CONCURRENT_ITEMS': 200, 'CONCURRENT_REQUESTS': 100, 'COOKIES_ENABLED': False, 'DOWNLOAD_MAXSIZE': 10000000, 'FEED_URI': 'file:///I:/%21Projekte/BMBF_TOBI_131308/01_Arbeitspakete/01_Webscraper/Webscraper/crawler/neu/items/prototyp/protospider/b7bd2212581311e8b45b005056806059.jl', 'LOG_FILE': 'logs\\prototyp\\protospider\\b7bd2212581311e8b45b005056806059.log', 'LOG_LEVEL': 'INFO', 'NEWSPIDER_MODULE': 'prototyp.spiders', 'REACTOR_THREADPOOL_MAXSIZE': 30, 'RETRY_ENABLED': False, 'SPIDER_MODULES': ['prototyp.spiders']}
2018-05-15 09:43:58 [py.warnings] WARNING: c:\users\jki\appdata\local\continuum\anaconda3\lib\site-packages\scrapy\utils\deprecate.py:156: ScrapyDeprecationWarning: `scrapy.contrib.feedexport.FeedExporter` class is deprecated, use `scrapy.extensions.feedexport.FeedExporter` instead
  ScrapyDeprecationWarning)

2018-05-15 09:43:58 [scrapy.middleware] INFO: Enabled extensions:
['scrapy.extensions.corestats.CoreStats',
 'scrapy.extensions.telnet.TelnetConsole',
 'scrapy.extensions.logstats.LogStats']
2018-05-15 09:43:59 [scrapy.middleware] INFO: Enabled downloader middlewares:
['scrapy.downloadermiddlewares.httpauth.HttpAuthMiddleware',
 'scrapy.downloadermiddlewares.downloadtimeout.DownloadTimeoutMiddleware',
 'scrapy.downloadermiddlewares.defaultheaders.DefaultHeadersMiddleware',
 'scrapy_fake_useragent.middleware.RandomUserAgentMiddleware',
 'scrapy.downloadermiddlewares.ajaxcrawl.AjaxCrawlMiddleware',
 'scrapy.downloadermiddlewares.redirect.MetaRefreshMiddleware',
 'scrapy.downloadermiddlewares.httpcompression.HttpCompressionMiddleware',
 'scrapy.downloadermiddlewares.redirect.RedirectMiddleware',
 'scrapy.downloadermiddlewares.httpproxy.HttpProxyMiddleware',
 'scrapy.downloadermiddlewares.stats.DownloaderStats']
2018-05-15 09:43:59 [scrapy.middleware] INFO: Enabled spider middlewares:
['scrapy.spidermiddlewares.httperror.HttpErrorMiddleware',
 'scrapy.spidermiddlewares.offsite.OffsiteMiddleware',
 'scrapy.spidermiddlewares.referer.RefererMiddleware',
 'scrapy.spidermiddlewares.urllength.UrlLengthMiddleware',
 'scrapy.spidermiddlewares.depth.DepthMiddleware']
2018-05-15 09:43:59 [scrapy.middleware] INFO: Enabled item pipelines:
['prototyp.pipelines.PrototypPipeline']
2018-05-15 09:43:59 [scrapy.core.engine] INFO: Spider opened
2018-05-15 09:43:59 [scrapy.extensions.logstats] INFO: Crawled 0 pages (at 0 pages/min), scraped 0 items (at 0 items/min)
2018-05-15 09:44:20 [scrapy.core.downloader.handlers.http11] ERROR: Cancelling download of http://rosavonpraunheim.de/presse/70%20filme/70%20Filme%20Pressetrailer.flv: expected response size (270583824) larger than download max size (10000000).
2018-05-15 09:44:59 [scrapy.extensions.logstats] INFO: Crawled 1496 pages (at 1496 pages/min), scraped 188 items (at 188 items/min)
2018-05-15 09:45:45 [scrapy.core.downloader.tls] WARNING: Remote certificate is not valid for hostname "www.apotheke-an-der-post-salzgitter.de"; VerificationError(errors=[DNSMismatch(mismatched_id=DNS_ID(hostname=b'www.apotheke-an-der-post-salzgitter.de'))])
2018-05-15 09:45:59 [scrapy.extensions.logstats] INFO: Crawled 3124 pages (at 1628 pages/min), scraped 338 items (at 150 items/min)
2018-05-15 09:46:59 [scrapy.extensions.logstats] INFO: Crawled 4792 pages (at 1668 pages/min), scraped 511 items (at 173 items/min)
2018-05-15 09:47:14 [scrapy.core.downloader.tls] WARNING: Remote certificate is not valid for hostname "zvk-hannover.de"; VerificationError(errors=[DNSMismatch(mismatched_id=DNS_ID(hostname=b'zvk-hannover.de'))])
2018-05-15 09:47:59 [scrapy.extensions.logstats] INFO: Crawled 6390 pages (at 1598 pages/min), scraped 595 items (at 84 items/min)
2018-05-15 09:48:59 [scrapy.extensions.logstats] INFO: Crawled 8027 pages (at 1637 pages/min), scraped 753 items (at 158 items/min)
2018-05-15 09:49:59 [scrapy.extensions.logstats] INFO: Crawled 9680 pages (at 1653 pages/min), scraped 959 items (at 206 items/min)
2018-05-15 09:50:36 [scrapy.core.downloader.handlers.http11] ERROR: Cancelling download of http://www.kleineallekotte-architekten.com/index.files/MOV_0012_130%20MB.ogv: expected response size (23990239) larger than download max size (10000000).
2018-05-15 09:50:40 [scrapy.core.downloader.handlers.http11] ERROR: Cancelling download of http://www.kleineallekotte-architekten.com/index.files/MOV_0012_130%20MB.m4v: expected response size (135298957) larger than download max size (10000000).
2018-05-15 09:50:44 [scrapy.core.downloader.handlers.http11] ERROR: Cancelling download of http://www.kleineallekotte-architekten.com/index.files/MOV_0012_130%20MB.webm: expected response size (17477752) larger than download max size (10000000).
2018-05-15 09:50:59 [scrapy.extensions.logstats] INFO: Crawled 11198 pages (at 1518 pages/min), scraped 1085 items (at 126 items/min)
2018-05-15 09:51:59 [scrapy.extensions.logstats] INFO: Crawled 12676 pages (at 1478 pages/min), scraped 1232 items (at 147 items/min)
2018-05-15 09:52:59 [scrapy.extensions.logstats] INFO: Crawled 14060 pages (at 1384 pages/min), scraped 1387 items (at 155 items/min)
2018-05-15 09:53:59 [scrapy.extensions.logstats] INFO: Crawled 14592 pages (at 532 pages/min), scraped 1420 items (at 33 items/min)
2018-05-15 09:54:59 [scrapy.extensions.logstats] INFO: Crawled 14699 pages (at 107 pages/min), scraped 1421 items (at 1 items/min)
2018-05-15 09:55:59 [scrapy.extensions.logstats] INFO: Crawled 14775 pages (at 76 pages/min), scraped 1422 items (at 1 items/min)
2018-05-15 09:56:59 [scrapy.extensions.logstats] INFO: Crawled 14776 pages (at 1 pages/min), scraped 1422 items (at 0 items/min)
2018-05-15 09:57:59 [scrapy.extensions.logstats] INFO: Crawled 14777 pages (at 1 pages/min), scraped 1422 items (at 0 items/min)
2018-05-15 09:58:59 [scrapy.extensions.logstats] INFO: Crawled 14778 pages (at 1 pages/min), scraped 1422 items (at 0 items/min)
2018-05-15 09:59:59 [scrapy.extensions.logstats] INFO: Crawled 14779 pages (at 1 pages/min), scraped 1422 items (at 0 items/min)
2018-05-15 10:00:59 [scrapy.extensions.logstats] INFO: Crawled 14780 pages (at 1 pages/min), scraped 1422 items (at 0 items/min)
2018-05-15 10:01:59 [scrapy.extensions.logstats] INFO: Crawled 14781 pages (at 1 pages/min), scraped 1422 items (at 0 items/min)
2018-05-15 10:02:59 [scrapy.extensions.logstats] INFO: Crawled 14783 pages (at 2 pages/min), scraped 1422 items (at 0 items/min)
2018-05-15 10:03:59 [scrapy.extensions.logstats] INFO: Crawled 14784 pages (at 1 pages/min), scraped 1422 items (at 0 items/min)
2018-05-15 10:04:59 [scrapy.extensions.logstats] INFO: Crawled 14785 pages (at 1 pages/min), scraped 1422 items (at 0 items/min)
2018-05-15 10:05:59 [scrapy.extensions.logstats] INFO: Crawled 14786 pages (at 1 pages/min), scraped 1422 items (at 0 items/min)
2018-05-15 10:06:59 [scrapy.extensions.logstats] INFO: Crawled 14787 pages (at 1 pages/min), scraped 1422 items (at 0 items/min)
2018-05-15 10:07:59 [scrapy.extensions.logstats] INFO: Crawled 14788 pages (at 1 pages/min), scraped 1422 items (at 0 items/min)
2018-05-15 10:08:59 [scrapy.extensions.logstats] INFO: Crawled 14789 pages (at 1 pages/min), scraped 1422 items (at 0 items/min)
2018-05-15 10:09:53 [scrapy.core.engine] INFO: Closing spider (finished)
2018-05-15 10:09:53 [scrapy.statscollectors] INFO: Dumping Scrapy stats:
{'downloader/exception_count': 397,
 'downloader/exception_type_count/builtins.ValueError': 23,
 'downloader/exception_type_count/scrapy.exceptions.NotSupported': 6,
 'downloader/exception_type_count/twisted.internet.defer.CancelledError': 4,
 'downloader/exception_type_count/twisted.internet.error.ConnectionRefusedError': 4,
 'downloader/exception_type_count/twisted.internet.error.DNSLookupError': 358,
 'downloader/exception_type_count/twisted.internet.error.TCPTimedOutError': 1,
 'downloader/exception_type_count/twisted.web._newclient.ResponseNeverReceived': 1,
 'downloader/request_bytes': 5922383,
 'downloader/request_count': 16446,
 'downloader/request_method_count/GET': 16446,
 'downloader/response_bytes': 333834607,
 'downloader/response_count': 16049,
 'downloader/response_status_count/200': 14135,
 'downloader/response_status_count/300': 1,
 'downloader/response_status_count/301': 1033,
 'downloader/response_status_count/302': 390,
 'downloader/response_status_count/303': 16,
 'downloader/response_status_count/307': 32,
 'downloader/response_status_count/400': 17,
 'downloader/response_status_count/401': 4,
 'downloader/response_status_count/403': 30,
 'downloader/response_status_count/404': 290,
 'downloader/response_status_count/410': 56,
 'downloader/response_status_count/421': 1,
 'downloader/response_status_count/500': 36,
 'downloader/response_status_count/502': 1,
 'downloader/response_status_count/503': 6,
 'downloader/response_status_count/504': 1,
 'finish_reason': 'finished',
 'finish_time': datetime.datetime(2018, 5, 15, 8, 9, 53, 632857),
 'item_scraped_count': 1423,
 'log_count/ERROR': 4,
 'log_count/INFO': 32,
 'log_count/WARNING': 3,
 'request_depth_max': 424,
 'response_received_count': 14790,
 'scheduler/dequeued': 16446,
 'scheduler/dequeued/memory': 16446,
 'scheduler/enqueued': 16446,
 'scheduler/enqueued/memory': 16446,
 'start_time': datetime.datetime(2018, 5, 15, 7, 43, 59, 86317)}
2018-05-15 10:09:53 [scrapy.core.engine] INFO: Spider closed (finished)
