2018-05-15 09:43:58 [scrapy.utils.log] INFO: Scrapy 1.4.0 started (bot: prototyp)
2018-05-15 09:43:58 [scrapy.utils.log] INFO: Overridden settings: {'BOT_NAME': 'prototyp', 'CONCURRENT_ITEMS': 200, 'CONCURRENT_REQUESTS': 100, 'COOKIES_ENABLED': False, 'DOWNLOAD_MAXSIZE': 10000000, 'FEED_URI': 'file:///I:/%21Projekte/BMBF_TOBI_131308/01_Arbeitspakete/01_Webscraper/Webscraper/crawler/neu/items/prototyp/protospider/b7c5d4da581311e8a209005056806059.jl', 'LOG_FILE': 'logs\\prototyp\\protospider\\b7c5d4da581311e8a209005056806059.log', 'LOG_LEVEL': 'INFO', 'NEWSPIDER_MODULE': 'prototyp.spiders', 'REACTOR_THREADPOOL_MAXSIZE': 30, 'RETRY_ENABLED': False, 'SPIDER_MODULES': ['prototyp.spiders']}
2018-05-15 09:43:58 [py.warnings] WARNING: c:\users\jki\appdata\local\continuum\anaconda3\lib\site-packages\scrapy\utils\deprecate.py:156: ScrapyDeprecationWarning: `scrapy.contrib.feedexport.FeedExporter` class is deprecated, use `scrapy.extensions.feedexport.FeedExporter` instead
  ScrapyDeprecationWarning)

2018-05-15 09:43:58 [scrapy.middleware] INFO: Enabled extensions:
['scrapy.extensions.corestats.CoreStats',
 'scrapy.extensions.telnet.TelnetConsole',
 'scrapy.extensions.logstats.LogStats']
2018-05-15 09:43:59 [scrapy.middleware] INFO: Enabled downloader middlewares:
['scrapy.downloadermiddlewares.httpauth.HttpAuthMiddleware',
 'scrapy.downloadermiddlewares.downloadtimeout.DownloadTimeoutMiddleware',
 'scrapy.downloadermiddlewares.defaultheaders.DefaultHeadersMiddleware',
 'scrapy_fake_useragent.middleware.RandomUserAgentMiddleware',
 'scrapy.downloadermiddlewares.ajaxcrawl.AjaxCrawlMiddleware',
 'scrapy.downloadermiddlewares.redirect.MetaRefreshMiddleware',
 'scrapy.downloadermiddlewares.httpcompression.HttpCompressionMiddleware',
 'scrapy.downloadermiddlewares.redirect.RedirectMiddleware',
 'scrapy.downloadermiddlewares.httpproxy.HttpProxyMiddleware',
 'scrapy.downloadermiddlewares.stats.DownloaderStats']
2018-05-15 09:43:59 [scrapy.middleware] INFO: Enabled spider middlewares:
['scrapy.spidermiddlewares.httperror.HttpErrorMiddleware',
 'scrapy.spidermiddlewares.offsite.OffsiteMiddleware',
 'scrapy.spidermiddlewares.referer.RefererMiddleware',
 'scrapy.spidermiddlewares.urllength.UrlLengthMiddleware',
 'scrapy.spidermiddlewares.depth.DepthMiddleware']
2018-05-15 09:43:59 [scrapy.middleware] INFO: Enabled item pipelines:
['prototyp.pipelines.PrototypPipeline']
2018-05-15 09:43:59 [scrapy.core.engine] INFO: Spider opened
2018-05-15 09:43:59 [scrapy.extensions.logstats] INFO: Crawled 0 pages (at 0 pages/min), scraped 0 items (at 0 items/min)
2018-05-15 09:44:39 [py.warnings] WARNING: c:\users\jki\appdata\local\continuum\anaconda3\lib\site-packages\scrapy\spidermiddlewares\referer.py:284: RuntimeWarning: Could not load referrer policy 'no-referrer-when-downgrade, strict-origin-when-cross-origin'
  warnings.warn(msg, RuntimeWarning)

2018-05-15 09:44:59 [scrapy.extensions.logstats] INFO: Crawled 1316 pages (at 1316 pages/min), scraped 170 items (at 170 items/min)
2018-05-15 09:45:59 [scrapy.extensions.logstats] INFO: Crawled 2921 pages (at 1605 pages/min), scraped 346 items (at 176 items/min)
2018-05-15 09:46:50 [scrapy.core.downloader.handlers.http11] ERROR: Cancelling download of http://www.modes-heidecafe.de/heideschinken/modes_heideschinken.flv: expected response size (24585579) larger than download max size (10000000).
2018-05-15 09:46:50 [scrapy.core.downloader.handlers.http11] ERROR: Cancelling download of http://www.modes-heidecafe.de/heideschinken/modes_heideschinken.flv: expected response size (24585579) larger than download max size (10000000).
2018-05-15 09:46:50 [scrapy.core.downloader.handlers.http11] ERROR: Cancelling download of http://www.modes-heidecafe.de/heideschinken/modes_heideschinken.flv: expected response size (24585579) larger than download max size (10000000).
2018-05-15 09:46:52 [scrapy.core.downloader.handlers.http11] ERROR: Cancelling download of http://www.modes-heidecafe.de/heideschinken/modes_heideschinken.flv: expected response size (24585579) larger than download max size (10000000).
2018-05-15 09:46:59 [scrapy.extensions.logstats] INFO: Crawled 4398 pages (at 1477 pages/min), scraped 516 items (at 170 items/min)
2018-05-15 09:47:59 [scrapy.extensions.logstats] INFO: Crawled 5668 pages (at 1270 pages/min), scraped 700 items (at 184 items/min)
2018-05-15 09:48:04 [scrapy.core.downloader.tls] WARNING: Remote certificate is not valid for hostname "kikifoo.de"; VerificationError(errors=[DNSMismatch(mismatched_id=DNS_ID(hostname=b'kikifoo.de'))])
2018-05-15 09:48:59 [scrapy.extensions.logstats] INFO: Crawled 6979 pages (at 1311 pages/min), scraped 852 items (at 152 items/min)
2018-05-15 09:49:59 [scrapy.extensions.logstats] INFO: Crawled 8758 pages (at 1779 pages/min), scraped 1049 items (at 197 items/min)
2018-05-15 09:50:34 [scrapy.core.downloader.handlers.http11] ERROR: Cancelling download of https://aa-ha.de/abs.dmg: expected response size (13455932) larger than download max size (10000000).
2018-05-15 09:50:37 [scrapy.core.downloader.handlers.http11] ERROR: Cancelling download of https://aa-ha.de/abs.dmg: expected response size (13455932) larger than download max size (10000000).
2018-05-15 09:50:45 [scrapy.core.downloader.handlers.http11] ERROR: Cancelling download of https://aa-ha.de/abs.dmg: expected response size (13455932) larger than download max size (10000000).
2018-05-15 09:50:49 [scrapy.core.downloader.handlers.http11] ERROR: Cancelling download of https://aa-ha.de/abs.dmg: expected response size (13455932) larger than download max size (10000000).
2018-05-15 09:50:56 [scrapy.core.downloader.handlers.http11] ERROR: Cancelling download of https://aa-ha.de/abs.dmg: expected response size (13455932) larger than download max size (10000000).
2018-05-15 09:50:59 [scrapy.extensions.logstats] INFO: Crawled 10410 pages (at 1652 pages/min), scraped 1231 items (at 182 items/min)
2018-05-15 09:51:04 [scrapy.core.downloader.handlers.http11] ERROR: Cancelling download of https://aa-ha.de/abs.dmg: expected response size (13455932) larger than download max size (10000000).
2018-05-15 09:51:08 [scrapy.core.downloader.handlers.http11] ERROR: Cancelling download of https://aa-ha.de/abs.dmg: expected response size (13455932) larger than download max size (10000000).
2018-05-15 09:51:12 [scrapy.core.downloader.handlers.http11] ERROR: Cancelling download of https://aa-ha.de/abs.dmg: expected response size (13455932) larger than download max size (10000000).
2018-05-15 09:51:17 [scrapy.core.downloader.handlers.http11] ERROR: Cancelling download of https://aa-ha.de/abs.dmg: expected response size (13455932) larger than download max size (10000000).
2018-05-15 09:51:23 [scrapy.core.downloader.handlers.http11] ERROR: Cancelling download of https://aa-ha.de/abs.dmg: expected response size (13455932) larger than download max size (10000000).
2018-05-15 09:51:27 [scrapy.core.downloader.handlers.http11] ERROR: Cancelling download of https://aa-ha.de/abs.dmg: expected response size (13455932) larger than download max size (10000000).
2018-05-15 09:51:59 [scrapy.extensions.logstats] INFO: Crawled 12059 pages (at 1649 pages/min), scraped 1398 items (at 167 items/min)
2018-05-15 09:52:59 [scrapy.extensions.logstats] INFO: Crawled 12532 pages (at 473 pages/min), scraped 1421 items (at 23 items/min)
2018-05-15 09:53:59 [scrapy.extensions.logstats] INFO: Crawled 12602 pages (at 70 pages/min), scraped 1422 items (at 1 items/min)
2018-05-15 09:54:59 [scrapy.extensions.logstats] INFO: Crawled 12668 pages (at 66 pages/min), scraped 1422 items (at 0 items/min)
2018-05-15 09:55:59 [scrapy.extensions.logstats] INFO: Crawled 12736 pages (at 68 pages/min), scraped 1422 items (at 0 items/min)
2018-05-15 09:56:59 [scrapy.extensions.logstats] INFO: Crawled 12805 pages (at 69 pages/min), scraped 1422 items (at 0 items/min)
2018-05-15 09:57:21 [scrapy.core.engine] INFO: Closing spider (finished)
2018-05-15 09:57:21 [scrapy.statscollectors] INFO: Dumping Scrapy stats:
{'downloader/exception_count': 524,
 'downloader/exception_type_count/builtins.ValueError': 47,
 'downloader/exception_type_count/twisted.internet.defer.CancelledError': 15,
 'downloader/exception_type_count/twisted.internet.error.ConnectionRefusedError': 3,
 'downloader/exception_type_count/twisted.internet.error.DNSLookupError': 449,
 'downloader/exception_type_count/twisted.internet.error.TCPTimedOutError': 6,
 'downloader/exception_type_count/twisted.web._newclient.ResponseNeverReceived': 4,
 'downloader/request_bytes': 5451704,
 'downloader/request_count': 15006,
 'downloader/request_method_count/GET': 15006,
 'downloader/response_bytes': 347952882,
 'downloader/response_count': 14482,
 'downloader/response_status_count/200': 12824,
 'downloader/response_status_count/301': 871,
 'downloader/response_status_count/302': 443,
 'downloader/response_status_count/303': 25,
 'downloader/response_status_count/307': 31,
 'downloader/response_status_count/400': 5,
 'downloader/response_status_count/401': 3,
 'downloader/response_status_count/403': 44,
 'downloader/response_status_count/404': 208,
 'downloader/response_status_count/410': 5,
 'downloader/response_status_count/423': 1,
 'downloader/response_status_count/452': 1,
 'downloader/response_status_count/500': 9,
 'downloader/response_status_count/502': 7,
 'downloader/response_status_count/503': 5,
 'finish_reason': 'finished',
 'finish_time': datetime.datetime(2018, 5, 15, 7, 57, 21, 826752),
 'item_scraped_count': 1423,
 'log_count/ERROR': 15,
 'log_count/INFO': 20,
 'log_count/WARNING': 3,
 'request_depth_max': 574,
 'response_received_count': 12833,
 'scheduler/dequeued': 15006,
 'scheduler/dequeued/memory': 15006,
 'scheduler/enqueued': 15006,
 'scheduler/enqueued/memory': 15006,
 'start_time': datetime.datetime(2018, 5, 15, 7, 43, 59, 85317)}
2018-05-15 09:57:21 [scrapy.core.engine] INFO: Spider closed (finished)
