2018-05-15 09:43:58 [scrapy.utils.log] INFO: Scrapy 1.4.0 started (bot: prototyp)
2018-05-15 09:43:58 [scrapy.utils.log] INFO: Overridden settings: {'BOT_NAME': 'prototyp', 'CONCURRENT_ITEMS': 200, 'CONCURRENT_REQUESTS': 100, 'COOKIES_ENABLED': False, 'DOWNLOAD_MAXSIZE': 10000000, 'FEED_URI': 'file:///I:/%21Projekte/BMBF_TOBI_131308/01_Arbeitspakete/01_Webscraper/Webscraper/crawler/neu/items/prototyp/protospider/b7d0aa92581311e8b448005056806059.jl', 'LOG_FILE': 'logs\\prototyp\\protospider\\b7d0aa92581311e8b448005056806059.log', 'LOG_LEVEL': 'INFO', 'NEWSPIDER_MODULE': 'prototyp.spiders', 'REACTOR_THREADPOOL_MAXSIZE': 30, 'RETRY_ENABLED': False, 'SPIDER_MODULES': ['prototyp.spiders']}
2018-05-15 09:43:58 [py.warnings] WARNING: c:\users\jki\appdata\local\continuum\anaconda3\lib\site-packages\scrapy\utils\deprecate.py:156: ScrapyDeprecationWarning: `scrapy.contrib.feedexport.FeedExporter` class is deprecated, use `scrapy.extensions.feedexport.FeedExporter` instead
  ScrapyDeprecationWarning)

2018-05-15 09:43:58 [scrapy.middleware] INFO: Enabled extensions:
['scrapy.extensions.corestats.CoreStats',
 'scrapy.extensions.telnet.TelnetConsole',
 'scrapy.extensions.logstats.LogStats']
2018-05-15 09:43:59 [scrapy.middleware] INFO: Enabled downloader middlewares:
['scrapy.downloadermiddlewares.httpauth.HttpAuthMiddleware',
 'scrapy.downloadermiddlewares.downloadtimeout.DownloadTimeoutMiddleware',
 'scrapy.downloadermiddlewares.defaultheaders.DefaultHeadersMiddleware',
 'scrapy_fake_useragent.middleware.RandomUserAgentMiddleware',
 'scrapy.downloadermiddlewares.ajaxcrawl.AjaxCrawlMiddleware',
 'scrapy.downloadermiddlewares.redirect.MetaRefreshMiddleware',
 'scrapy.downloadermiddlewares.httpcompression.HttpCompressionMiddleware',
 'scrapy.downloadermiddlewares.redirect.RedirectMiddleware',
 'scrapy.downloadermiddlewares.httpproxy.HttpProxyMiddleware',
 'scrapy.downloadermiddlewares.stats.DownloaderStats']
2018-05-15 09:43:59 [scrapy.middleware] INFO: Enabled spider middlewares:
['scrapy.spidermiddlewares.httperror.HttpErrorMiddleware',
 'scrapy.spidermiddlewares.offsite.OffsiteMiddleware',
 'scrapy.spidermiddlewares.referer.RefererMiddleware',
 'scrapy.spidermiddlewares.urllength.UrlLengthMiddleware',
 'scrapy.spidermiddlewares.depth.DepthMiddleware']
2018-05-15 09:43:59 [scrapy.middleware] INFO: Enabled item pipelines:
['prototyp.pipelines.PrototypPipeline']
2018-05-15 09:43:59 [scrapy.core.engine] INFO: Spider opened
2018-05-15 09:43:59 [scrapy.extensions.logstats] INFO: Crawled 0 pages (at 0 pages/min), scraped 0 items (at 0 items/min)
2018-05-15 09:44:59 [scrapy.extensions.logstats] INFO: Crawled 1079 pages (at 1079 pages/min), scraped 160 items (at 160 items/min)
2018-05-15 09:45:59 [scrapy.extensions.logstats] INFO: Crawled 2865 pages (at 1786 pages/min), scraped 342 items (at 182 items/min)
2018-05-15 09:46:59 [scrapy.extensions.logstats] INFO: Crawled 4371 pages (at 1506 pages/min), scraped 512 items (at 170 items/min)
2018-05-15 09:47:59 [scrapy.extensions.logstats] INFO: Crawled 5902 pages (at 1531 pages/min), scraped 709 items (at 197 items/min)
2018-05-15 09:48:59 [scrapy.extensions.logstats] INFO: Crawled 7434 pages (at 1532 pages/min), scraped 885 items (at 176 items/min)
2018-05-15 09:49:30 [scrapy.core.downloader.tls] WARNING: Remote certificate is not valid for hostname "bkm.de"; VerificationError(errors=[DNSMismatch(mismatched_id=DNS_ID(hostname=b'bkm.de'))])
2018-05-15 09:49:59 [scrapy.extensions.logstats] INFO: Crawled 9011 pages (at 1577 pages/min), scraped 1074 items (at 189 items/min)
2018-05-15 09:50:59 [scrapy.extensions.logstats] INFO: Crawled 10638 pages (at 1627 pages/min), scraped 1257 items (at 183 items/min)
2018-05-15 09:51:59 [scrapy.extensions.logstats] INFO: Crawled 12199 pages (at 1561 pages/min), scraped 1415 items (at 158 items/min)
2018-05-15 09:52:59 [scrapy.extensions.logstats] INFO: Crawled 12569 pages (at 370 pages/min), scraped 1421 items (at 6 items/min)
2018-05-15 09:53:31 [scrapy.core.engine] INFO: Closing spider (finished)
2018-05-15 09:53:31 [scrapy.statscollectors] INFO: Dumping Scrapy stats:
{'downloader/exception_count': 491,
 'downloader/exception_type_count/builtins.ValueError': 23,
 'downloader/exception_type_count/scrapy.exceptions.NotSupported': 4,
 'downloader/exception_type_count/twisted.internet.error.ConnectionRefusedError': 2,
 'downloader/exception_type_count/twisted.internet.error.DNSLookupError': 448,
 'downloader/exception_type_count/twisted.internet.error.TCPTimedOutError': 11,
 'downloader/exception_type_count/twisted.web._newclient.ResponseNeverReceived': 3,
 'downloader/request_bytes': 5195080,
 'downloader/request_count': 14400,
 'downloader/request_method_count/GET': 14400,
 'downloader/response_bytes': 402447242,
 'downloader/response_count': 13909,
 'downloader/response_status_count/200': 12248,
 'downloader/response_status_count/301': 891,
 'downloader/response_status_count/302': 353,
 'downloader/response_status_count/303': 11,
 'downloader/response_status_count/307': 7,
 'downloader/response_status_count/400': 4,
 'downloader/response_status_count/401': 28,
 'downloader/response_status_count/403': 36,
 'downloader/response_status_count/404': 236,
 'downloader/response_status_count/410': 1,
 'downloader/response_status_count/500': 85,
 'downloader/response_status_count/502': 2,
 'downloader/response_status_count/503': 7,
 'finish_reason': 'finished',
 'finish_time': datetime.datetime(2018, 5, 15, 7, 53, 31, 502399),
 'item_scraped_count': 1422,
 'log_count/INFO': 16,
 'log_count/WARNING': 2,
 'request_depth_max': 319,
 'response_received_count': 12612,
 'scheduler/dequeued': 14400,
 'scheduler/dequeued/memory': 14400,
 'scheduler/enqueued': 14400,
 'scheduler/enqueued/memory': 14400,
 'start_time': datetime.datetime(2018, 5, 15, 7, 43, 59, 85317)}
2018-05-15 09:53:31 [scrapy.core.engine] INFO: Spider closed (finished)
