2018-05-15 09:43:58 [scrapy.utils.log] INFO: Scrapy 1.4.0 started (bot: prototyp)
2018-05-15 09:43:58 [scrapy.utils.log] INFO: Overridden settings: {'BOT_NAME': 'prototyp', 'CONCURRENT_ITEMS': 200, 'CONCURRENT_REQUESTS': 100, 'COOKIES_ENABLED': False, 'DOWNLOAD_MAXSIZE': 10000000, 'FEED_URI': 'file:///I:/%21Projekte/BMBF_TOBI_131308/01_Arbeitspakete/01_Webscraper/Webscraper/crawler/neu/items/prototyp/protospider/b7da95e2581311e8a447005056806059.jl', 'LOG_FILE': 'logs\\prototyp\\protospider\\b7da95e2581311e8a447005056806059.log', 'LOG_LEVEL': 'INFO', 'NEWSPIDER_MODULE': 'prototyp.spiders', 'REACTOR_THREADPOOL_MAXSIZE': 30, 'RETRY_ENABLED': False, 'SPIDER_MODULES': ['prototyp.spiders']}
2018-05-15 09:43:58 [py.warnings] WARNING: c:\users\jki\appdata\local\continuum\anaconda3\lib\site-packages\scrapy\utils\deprecate.py:156: ScrapyDeprecationWarning: `scrapy.contrib.feedexport.FeedExporter` class is deprecated, use `scrapy.extensions.feedexport.FeedExporter` instead
  ScrapyDeprecationWarning)

2018-05-15 09:43:58 [scrapy.middleware] INFO: Enabled extensions:
['scrapy.extensions.corestats.CoreStats',
 'scrapy.extensions.telnet.TelnetConsole',
 'scrapy.extensions.logstats.LogStats']
2018-05-15 09:43:59 [scrapy.middleware] INFO: Enabled downloader middlewares:
['scrapy.downloadermiddlewares.httpauth.HttpAuthMiddleware',
 'scrapy.downloadermiddlewares.downloadtimeout.DownloadTimeoutMiddleware',
 'scrapy.downloadermiddlewares.defaultheaders.DefaultHeadersMiddleware',
 'scrapy_fake_useragent.middleware.RandomUserAgentMiddleware',
 'scrapy.downloadermiddlewares.ajaxcrawl.AjaxCrawlMiddleware',
 'scrapy.downloadermiddlewares.redirect.MetaRefreshMiddleware',
 'scrapy.downloadermiddlewares.httpcompression.HttpCompressionMiddleware',
 'scrapy.downloadermiddlewares.redirect.RedirectMiddleware',
 'scrapy.downloadermiddlewares.httpproxy.HttpProxyMiddleware',
 'scrapy.downloadermiddlewares.stats.DownloaderStats']
2018-05-15 09:43:59 [scrapy.middleware] INFO: Enabled spider middlewares:
['scrapy.spidermiddlewares.httperror.HttpErrorMiddleware',
 'scrapy.spidermiddlewares.offsite.OffsiteMiddleware',
 'scrapy.spidermiddlewares.referer.RefererMiddleware',
 'scrapy.spidermiddlewares.urllength.UrlLengthMiddleware',
 'scrapy.spidermiddlewares.depth.DepthMiddleware']
2018-05-15 09:43:59 [scrapy.middleware] INFO: Enabled item pipelines:
['prototyp.pipelines.PrototypPipeline']
2018-05-15 09:43:59 [scrapy.core.engine] INFO: Spider opened
2018-05-15 09:43:59 [scrapy.extensions.logstats] INFO: Crawled 0 pages (at 0 pages/min), scraped 0 items (at 0 items/min)
2018-05-15 09:44:57 [scrapy.core.downloader.tls] WARNING: Remote certificate is not valid for hostname "www.lions-scooter.de"; VerificationError(errors=[DNSMismatch(mismatched_id=DNS_ID(hostname=b'www.lions-scooter.de'))])
2018-05-15 09:44:59 [scrapy.extensions.logstats] INFO: Crawled 1368 pages (at 1368 pages/min), scraped 187 items (at 187 items/min)
2018-05-15 09:45:59 [scrapy.extensions.logstats] INFO: Crawled 2926 pages (at 1558 pages/min), scraped 364 items (at 177 items/min)
2018-05-15 09:46:11 [scrapy.core.downloader.tls] WARNING: Remote certificate is not valid for hostname "aw-raumkonzepte.de"; VerificationError(errors=[DNSMismatch(mismatched_id=DNS_ID(hostname=b'aw-raumkonzepte.de'))])
2018-05-15 09:46:15 [py.warnings] WARNING: c:\users\jki\appdata\local\continuum\anaconda3\lib\site-packages\scrapy\spidermiddlewares\referer.py:284: RuntimeWarning: Could not load referrer policy 'origin-when-cross-origin, strict-origin-when-cross-origin'
  warnings.warn(msg, RuntimeWarning)

2018-05-15 09:46:59 [scrapy.extensions.logstats] INFO: Crawled 4271 pages (at 1345 pages/min), scraped 530 items (at 166 items/min)
2018-05-15 09:47:59 [scrapy.extensions.logstats] INFO: Crawled 5356 pages (at 1085 pages/min), scraped 678 items (at 148 items/min)
2018-05-15 09:48:59 [scrapy.extensions.logstats] INFO: Crawled 7017 pages (at 1661 pages/min), scraped 828 items (at 150 items/min)
2018-05-15 09:49:59 [scrapy.core.downloader.tls] WARNING: Remote certificate is not valid for hostname "europacourier.de"; VerificationError(errors=[DNSMismatch(mismatched_id=DNS_ID(hostname=b'europacourier.de'))])
2018-05-15 09:49:59 [scrapy.extensions.logstats] INFO: Crawled 8661 pages (at 1644 pages/min), scraped 961 items (at 133 items/min)
2018-05-15 09:50:59 [scrapy.extensions.logstats] INFO: Crawled 10230 pages (at 1569 pages/min), scraped 1067 items (at 106 items/min)
2018-05-15 09:51:59 [scrapy.extensions.logstats] INFO: Crawled 11753 pages (at 1523 pages/min), scraped 1174 items (at 107 items/min)
2018-05-15 09:52:02 [scrapy.core.downloader.tls] WARNING: Remote certificate is not valid for hostname "fubau.de"; VerificationError(errors=[DNSMismatch(mismatched_id=DNS_ID(hostname=b'fubau.de'))])
2018-05-15 09:52:59 [scrapy.extensions.logstats] INFO: Crawled 13346 pages (at 1593 pages/min), scraped 1270 items (at 96 items/min)
2018-05-15 09:53:59 [scrapy.extensions.logstats] INFO: Crawled 15030 pages (at 1684 pages/min), scraped 1368 items (at 98 items/min)
2018-05-15 09:54:59 [scrapy.extensions.logstats] INFO: Crawled 15928 pages (at 898 pages/min), scraped 1418 items (at 50 items/min)
2018-05-15 09:55:59 [scrapy.extensions.logstats] INFO: Crawled 16012 pages (at 84 pages/min), scraped 1421 items (at 3 items/min)
2018-05-15 09:56:59 [scrapy.extensions.logstats] INFO: Crawled 16013 pages (at 1 pages/min), scraped 1421 items (at 0 items/min)
2018-05-15 09:57:59 [scrapy.extensions.logstats] INFO: Crawled 16015 pages (at 2 pages/min), scraped 1421 items (at 0 items/min)
2018-05-15 09:58:59 [scrapy.extensions.logstats] INFO: Crawled 16017 pages (at 2 pages/min), scraped 1421 items (at 0 items/min)
2018-05-15 09:59:31 [scrapy.core.engine] INFO: Closing spider (finished)
2018-05-15 09:59:31 [scrapy.statscollectors] INFO: Dumping Scrapy stats:
{'downloader/exception_count': 386,
 'downloader/exception_type_count/builtins.ValueError': 6,
 'downloader/exception_type_count/idna.core.IDNAError': 1,
 'downloader/exception_type_count/scrapy.exceptions.NotSupported': 1,
 'downloader/exception_type_count/twisted.internet.error.ConnectionRefusedError': 20,
 'downloader/exception_type_count/twisted.internet.error.DNSLookupError': 345,
 'downloader/exception_type_count/twisted.internet.error.TCPTimedOutError': 8,
 'downloader/exception_type_count/twisted.web._newclient.ResponseNeverReceived': 5,
 'downloader/request_bytes': 6501150,
 'downloader/request_count': 18050,
 'downloader/request_method_count/GET': 18050,
 'downloader/response_bytes': 427100206,
 'downloader/response_count': 17664,
 'downloader/response_status_count/200': 15879,
 'downloader/response_status_count/300': 2,
 'downloader/response_status_count/301': 968,
 'downloader/response_status_count/302': 410,
 'downloader/response_status_count/303': 25,
 'downloader/response_status_count/307': 36,
 'downloader/response_status_count/400': 22,
 'downloader/response_status_count/401': 6,
 'downloader/response_status_count/403': 33,
 'downloader/response_status_count/404': 262,
 'downloader/response_status_count/410': 1,
 'downloader/response_status_count/500': 5,
 'downloader/response_status_count/502': 2,
 'downloader/response_status_count/503': 13,
 'finish_reason': 'finished',
 'finish_time': datetime.datetime(2018, 5, 15, 7, 59, 31, 436214),
 'item_scraped_count': 1422,
 'log_count/INFO': 22,
 'log_count/WARNING': 6,
 'request_depth_max': 314,
 'response_received_count': 16018,
 'scheduler/dequeued': 18050,
 'scheduler/dequeued/memory': 18050,
 'scheduler/enqueued': 18050,
 'scheduler/enqueued/memory': 18050,
 'start_time': datetime.datetime(2018, 5, 15, 7, 43, 59, 85317)}
2018-05-15 09:59:31 [scrapy.core.engine] INFO: Spider closed (finished)
